#
# There is insufficient memory for the Java Runtime Environment to continue.
# Native memory allocation (mmap) failed to map 268435456 bytes for G1 virtual space
# Possible reasons:
#   The system is out of physical RAM or swap space
#   The process is running with CompressedOops enabled, and the Java Heap may be blocking the growth of the native heap
# Possible solutions:
#   Reduce memory load on the system
#   Increase physical memory or swap space
#   Check if swap backing store is full
#   Decrease Java heap size (-Xmx/-Xms)
#   Decrease number of Java threads
#   Decrease Java thread stack sizes (-Xss)
#   Set larger code cache with -XX:ReservedCodeCacheSize=
#   JVM is running with Zero Based Compressed Oops mode in which the Java heap is
#     placed in the first 32GB address space. The Java Heap base address is the
#     maximum limit for the native heap growth. Please use -XX:HeapBaseMinAddress
#     to set the Java Heap base and to place the Java Heap above 32GB virtual address.
# This output file may be truncated or incomplete.
#
#  Out of Memory Error (os_windows.cpp:3548), pid=45992, tid=57168
#
# JRE version:  (17.0.12+8) (build )
# Java VM: Java HotSpot(TM) 64-Bit Server VM (17.0.12+8-LTS-286, interpreted mode, tiered, compressed oops, compressed class ptrs, g1 gc, windows-amd64)
# No core dump will be written. Minidumps are not enabled by default on client versions of Windows
#

---------------  S U M M A R Y ------------

Command Line: -Dserver.access-token=b7fa5b2c-3ce2-49c7-afad-beb315f79b91 -XX:+TieredCompilation -XX:TieredStopAtLevel=1 -Xshare:dump -XX:SharedClassListFile=D:\GitCraken\Proyecto final\administrator-service\build\test-resources\cds\cds.classlist -XX:SharedArchiveFile=D:\GitCraken\Proyecto final\administrator-service\build\test-resources\cds\cds.jsa -Dcom.sun.management.jmxremote -Dfile.encoding=windows-1252 -Duser.country=MX -Duser.language=es -Duser.variant io.micronaut.testresources.server.TestResourcesService --port-file=D:\GitCraken\Proyecto final\administrator-service\.micronaut\test-resources\test-resources-port.txt

Host: AMD Ryzen 5 3500X 6-Core Processor             , 6 cores, 15G,  Windows 10 , 64 bit Build 19041 (10.0.19041.5678)
Time: Sun Apr 27 13:50:48 2025 Hora estándar central (México) elapsed time: 0.010587 seconds (0d 0h 0m 0s)

---------------  T H R E A D  ---------------

Current thread (0x000001d5c523cb70):  JavaThread "Unknown thread" [_thread_in_vm, id=57168, stack(0x00000013e1600000,0x00000013e1700000)]

Stack: [0x00000013e1600000,0x00000013e1700000]
Native frames: (J=compiled Java code, j=interpreted, Vv=VM code, C=native code)
V  [jvm.dll+0x67a04a]
V  [jvm.dll+0x7da4ed]
V  [jvm.dll+0x7dbe33]
V  [jvm.dll+0x7dc4a3]
V  [jvm.dll+0x24508f]
V  [jvm.dll+0x677089]
V  [jvm.dll+0x66bd32]
V  [jvm.dll+0x301fa6]
V  [jvm.dll+0x309546]
V  [jvm.dll+0x359d2e]
V  [jvm.dll+0x359f5f]
V  [jvm.dll+0x2d9078]
V  [jvm.dll+0x2d9fe4]
V  [jvm.dll+0x7aca21]
V  [jvm.dll+0x367591]
V  [jvm.dll+0x78b999]
V  [jvm.dll+0x3ec83f]
V  [jvm.dll+0x3ee471]
C  [jli.dll+0x5297]
C  [ucrtbase.dll+0x21bb2]
C  [KERNEL32.DLL+0x17374]
C  [ntdll.dll+0x4cc91]


---------------  P R O C E S S  ---------------

Threads class SMR info:
_java_thread_list=0x00007ff9002b7a18, length=0, elements={
}

Java Threads: ( => current thread )

Other Threads:
  0x000001d5c52a6ab0 GCTaskThread "GC Thread#0" [stack: 0x00000013e1700000,0x00000013e1800000] [id=37400]
  0x000001d5c52b8860 ConcurrentGCThread "G1 Main Marker" [stack: 0x00000013e1800000,0x00000013e1900000] [id=60460]
  0x000001d5c52ba190 ConcurrentGCThread "G1 Conc#0" [stack: 0x00000013e1900000,0x00000013e1a00000] [id=33444]

[error occurred during error reporting (printing all threads), id 0xc0000005, EXCEPTION_ACCESS_VIOLATION (0xc0000005) at pc=0x00007ff8ffae9b67]

VM state: not at safepoint (not fully initialized)

VM Mutex/Monitor currently owned by a thread:  ([mutex/lock_event])
[0x000001d5c5239cf0] Heap_lock - owner thread: 0x000001d5c523cb70

Heap address: 0x00000006c0c00000, size: 4084 MB, Compressed Oops mode: Zero based, Oop shift amount: 3

CDS archive(s) not mapped
Narrow klass base: 0x0000000000000000, Narrow klass shift: 0, Narrow klass range: 0x0

GC Precious Log:
<Empty>

Heap:
 garbage-first heap   total 0K, used 0K [0x00000006c0c00000, 0x00000007c0000000)
  region size 2048K, 0 young (0K), 0 survivors (0K)

[error occurred during error reporting (printing heap information), id 0xc0000005, EXCEPTION_ACCESS_VIOLATION (0xc0000005) at pc=0x00007ff8ffed3859]

GC Heap History (0 events):
No events

Deoptimization events (0 events):
No events

Classes unloaded (0 events):
No events

Classes redefined (0 events):
No events

Internal exceptions (0 events):
No events

VM Operations (0 events):
No events

Events (1 events):
Event: 0.005 Loaded shared library C:\Program Files\Java\jdk-17\bin\java.dll


Dynamic libraries:
0x00007ff691de0000 - 0x00007ff691df0000 	C:\Program Files\Java\jdk-17\bin\java.exe
0x00007ff9624f0000 - 0x00007ff9626e8000 	C:\Windows\SYSTEM32\ntdll.dll
0x00007ff9614a0000 - 0x00007ff961562000 	C:\Windows\System32\KERNEL32.DLL
0x00007ff9600b0000 - 0x00007ff9603a6000 	C:\Windows\System32\KERNELBASE.dll
0x00007ff95fed0000 - 0x00007ff95ffd0000 	C:\Windows\System32\ucrtbase.dll
0x00007ff94c040000 - 0x00007ff94c059000 	C:\Program Files\Java\jdk-17\bin\jli.dll
0x00007ff961640000 - 0x00007ff9616ef000 	C:\Windows\System32\ADVAPI32.dll
0x00007ff9619c0000 - 0x00007ff961a5e000 	C:\Windows\System32\msvcrt.dll
0x00007ff960da0000 - 0x00007ff960e3f000 	C:\Windows\System32\sechost.dll
0x00007ff960510000 - 0x00007ff960633000 	C:\Windows\System32\RPCRT4.dll
0x00007ff95fea0000 - 0x00007ff95fec7000 	C:\Windows\System32\bcrypt.dll
0x00007ff960640000 - 0x00007ff9607dd000 	C:\Windows\System32\USER32.dll
0x00007ff960080000 - 0x00007ff9600a2000 	C:\Windows\System32\win32u.dll
0x00007ff9607e0000 - 0x00007ff96080b000 	C:\Windows\System32\GDI32.dll
0x00007ff95fb80000 - 0x00007ff95fc9a000 	C:\Windows\System32\gdi32full.dll
0x00007ff95fca0000 - 0x00007ff95fd3d000 	C:\Windows\System32\msvcp_win.dll
0x00007ff95c9e0000 - 0x00007ff95c9fb000 	C:\Program Files\Java\jdk-17\bin\VCRUNTIME140.dll
0x00007ff94b6b0000 - 0x00007ff94b94a000 	C:\Windows\WinSxS\amd64_microsoft.windows.common-controls_6595b64144ccf1df_6.0.19041.4355_none_60b8b9eb71f62e16\COMCTL32.dll
0x00007ff95cd30000 - 0x00007ff95cd3a000 	C:\Windows\SYSTEM32\VERSION.dll
0x00007ff960d70000 - 0x00007ff960d9f000 	C:\Windows\System32\IMM32.DLL
0x00007ff950560000 - 0x00007ff95056c000 	C:\Program Files\Java\jdk-17\bin\vcruntime140_1.dll
0x00007ff933260000 - 0x00007ff9332ee000 	C:\Program Files\Java\jdk-17\bin\msvcp140.dll
0x00007ff8ff800000 - 0x00007ff9003e0000 	C:\Program Files\Java\jdk-17\bin\server\jvm.dll
0x00007ff961280000 - 0x00007ff961288000 	C:\Windows\System32\PSAPI.DLL
0x00007ff93bc30000 - 0x00007ff93bc39000 	C:\Windows\SYSTEM32\WSOCK32.dll
0x00007ff9615d0000 - 0x00007ff96163b000 	C:\Windows\System32\WS2_32.dll
0x00007ff9549c0000 - 0x00007ff9549e7000 	C:\Windows\SYSTEM32\WINMM.dll
0x00007ff95d9e0000 - 0x00007ff95d9f2000 	C:\Windows\SYSTEM32\kernel.appcore.dll
0x00007ff94c070000 - 0x00007ff94c07a000 	C:\Program Files\Java\jdk-17\bin\jimage.dll
0x00007ff953de0000 - 0x00007ff953fc4000 	C:\Windows\SYSTEM32\DBGHELP.DLL
0x00007ff94e090000 - 0x00007ff94e0c4000 	C:\Windows\SYSTEM32\dbgcore.DLL
0x00007ff9603b0000 - 0x00007ff960432000 	C:\Windows\System32\bcryptPrimitives.dll
0x00007ff92b520000 - 0x00007ff92b545000 	C:\Program Files\Java\jdk-17\bin\java.dll

dbghelp: loaded successfully - version: 4.0.5 - missing functions: none
symbol engine: initialized successfully - sym options: 0x614 - pdb path: .;C:\Program Files\Java\jdk-17\bin;C:\Windows\SYSTEM32;C:\Windows\WinSxS\amd64_microsoft.windows.common-controls_6595b64144ccf1df_6.0.19041.4355_none_60b8b9eb71f62e16;C:\Program Files\Java\jdk-17\bin\server

VM Arguments:
jvm_args: -Dserver.access-token=b7fa5b2c-3ce2-49c7-afad-beb315f79b91 -XX:+TieredCompilation -XX:TieredStopAtLevel=1 -Xshare:dump -XX:SharedClassListFile=D:\GitCraken\Proyecto final\administrator-service\build\test-resources\cds\cds.classlist -XX:SharedArchiveFile=D:\GitCraken\Proyecto final\administrator-service\build\test-resources\cds\cds.jsa -Dcom.sun.management.jmxremote -Dfile.encoding=windows-1252 -Duser.country=MX -Duser.language=es -Duser.variant 
java_command: io.micronaut.testresources.server.TestResourcesService --port-file=D:\GitCraken\Proyecto final\administrator-service\.micronaut\test-resources\test-resources-port.txt
java_class_path (initial): D:\GitCraken\Proyecto final\administrator-service\build\classes\java\testResources;D:\GitCraken\Proyecto final\administrator-service\build\resources\testResources;C:\Users\V\.gradle\caches\modules-2\files-2.1\io.micronaut.testresources\micronaut-test-resources-core\2.8.0\c36c82630193c4fc5401bf8b2fee8013da71413d\micronaut-test-resources-core-2.8.0.jar;C:\Users\V\.gradle\caches\modules-2\files-2.1\io.micronaut.testresources\micronaut-test-resources-server\2.8.0\a44b00b599409464a28586d048111e1da35fb9e3\micronaut-test-resources-server-2.8.0.jar;C:\Users\V\.gradle\caches\modules-2\files-2.1\io.micronaut.testresources\micronaut-test-resources-jdbc-mysql\2.8.0\5e7008117246663c2a36a3889f5f994d9661aa08\micronaut-test-resources-jdbc-mysql-2.8.0.jar;C:\Users\V\.gradle\caches\modules-2\files-2.1\io.micronaut.testresources\micronaut-test-resources-jdbc-core\2.8.0\2f2f59c67517bfd77b9dbb17bd04ef65dbe3241c\micronaut-test-resources-jdbc-core-2.8.0.jar;C:\Users\V\.gradle\caches\modules-2\files-2.1\io.micronaut.testresources\micronaut-test-resources-testcontainers\2.8.0\741af39f3e4e9daf8a555a53611a052f80b00cb6\micronaut-test-resources-testcontainers-2.8.0.jar;C:\Users\V\.gradle\caches\modules-2\files-2.1\com.mysql\mysql-connector-j\9.2.0\cc7bed59ccee3c47554aeb89e37c24d95a74bec3\mysql-connector-j-9.2.0.jar;C:\Users\V\.gradle\caches\modules-2\files-2.1\org.testcontainers\mysql\1.20.6\7e4258d55f3da93e1498e80b2ed58b181afb49bf\mysql-1.20.6.jar;C:\Users\V\.gradle\caches\modules-2\files-2.1\org.testcontainers\jdbc\1.20.6\1912d9f3527a725bb762dcb74cc9d7bbf2453bbc\jdbc-1.20.6.jar;C:\Users\V\.gradle\caches\modules-2\files-2.1\org.testcontainers\database-commons\1.20.6\a1068aeff75867682decc0b5a6ee60f8676c6936\database-commons-1.20.6.jar;C:\Users\V\.gradle\caches\modules-2\files-2.1\com.google.protobuf\protobuf-java\4.29.0\ffea90ab158435d68de76951857ef5f8b0f98365\protobuf-java-4.29.0.jar
Launcher Type: SUN_STANDARD

[Global flags]
     uint ConcGCThreads                            = 1                                         {product} {ergonomic}
     bool DumpSharedSpaces                         = true                                      {product} {command line}
     uint G1ConcRefinementThreads                  = 1                                         {product} {ergonomic}
   size_t G1HeapRegionSize                         = 2097152                                   {product} {ergonomic}
    uintx GCDrainStackTargetSize                   = 64                                        {product} {ergonomic}
   size_t InitialHeapSize                          = 268435456                                 {product} {ergonomic}
     bool ManagementServer                         = true                                      {product} {command line}
   size_t MarkStackSize                            = 4194304                                   {product} {ergonomic}
   size_t MaxHeapSize                              = 4282384384                                {product} {ergonomic}
   size_t MinHeapDeltaBytes                        = 2097152                                   {product} {ergonomic}
   size_t MinHeapSize                              = 8388608                                   {product} {ergonomic}
    uintx NonProfiledCodeHeapSize                  = 0                                      {pd product} {ergonomic}
     uint ParallelGCThreads                        = 1                                         {product} {ergonomic}
    uintx ProfiledCodeHeapSize                     = 0                                      {pd product} {ergonomic}
    ccstr SharedArchiveFile                        = D:\GitCraken\Proyecto final\administrator-service\build\test-resources\cds\cds.jsa            {product} {command line}
    ccstr SharedClassListFile                      = D:\GitCraken\Proyecto final\administrator-service\build\test-resources\cds\cds.classlist            {product} {command line}
   size_t SoftMaxHeapSize                          = 4282384384                             {manageable} {ergonomic}
     bool TieredCompilation                        = true                                   {pd product} {command line}
     intx TieredStopAtLevel                        = 1                                         {product} {command line}
     bool UseCompressedClassPointers               = true                           {product lp64_product} {ergonomic}
     bool UseCompressedOops                        = true                           {product lp64_product} {ergonomic}
     bool UseG1GC                                  = true                                      {product} {ergonomic}
     bool UseLargePagesIndividualAllocation        = false                                  {pd product} {ergonomic}

Logging:
Log output configuration:
 #0: stdout all=warning uptime,level,tags
 #1: stderr all=off uptime,level,tags

Environment Variables:
JAVA_HOME=c:\Program Files\Java\jdk-17
CLASSPATH=D:\GitCraken\Proyecto final\administrator-service\\gradle\wrapper\gradle-wrapper.jar
PATH=c:\Program Files\Java\jdk-17\bin;C:\Program Files (x86)\Razer\ChromaBroadcast\bin;C:\Program Files\Razer\ChromaBroadcast\bin;C:\Program Files\Common Files\Oracle\Java\javapath;C:\Program Files (x86)\Common Files\Oracle\Java\java8path;C:\Program Files (x86)\Common Files\Oracle\Java\javapath;C:\Python312\Scripts\;C:\Python312\;C:\Windows\System32;D:\Program Files (x86)\Scripts\;D:\Program Files (x86)\;C:\Users\V\AppData\Local\Microsoft\WindowsApps;C:\Users\V\AppData\Local\Programs\MiKTeX\miktex\bin\x64\;D:\Microsoft VS Code\bin;C:\MinGW\bin;C:\Users\V\AppData\Local\GitHubDesktop\bin;C:\Program Files\Java\jdk-17\bin;C:\Program Files\Git\bin;C:\Program Files\NVIDIA Corporation\NVIDIA NvDLISR;C:\Program Files\dotnet\;C:\Windows;C:\Windows\System32\Wbem;C:\ProgramData\chocolatey\bin;C:\Users\V\AppData\Roaming\npm;C:\Program Files (x86)\NVIDIA Corporation\PhysX\Common;D:\Program Files (x86)\xxamp;C:\Users\V\AppData\Roaming\nvm;C:\Program Files\nodejs;D:\Program Files (x86)\xxamp\php;D:\xampp\php;C:\ProgramData\ComposerSetup\bin;D:\Program Files (x86)\Go\bin;D:\Program Files (x86)\apache-maven-3.9.9;D:\Program Files (x86)\apache-maven-3.9.9\bin;C:\Program Files\Docker\Docker\resources\bin;D:\Program Files (x86)\gradle\gradle-8.13\bin;C:\Program Files\MySQL\MySQL Shell 8.0\bin\;C:\Program Files\Java\jdk-11.0.13\bin;C:\Users\V\AppData\Local\gitkraken\bin;C:\Users\V\AppData\Roaming\Composer\vendor\bin;C:\Users\V\go\bin;C:\Program Files\MySQL\MySQL Shell 8.0\bin\;D:\Program Files (x86)\Scripts\;D:\Program Files (x86)\;C:\Users\V\AppData\Local\Microsoft\WindowsApps;C:\Users\V\AppData\Local\Programs\MiKTeX\miktex\bin\x64\;D:\Microsoft VS Code\bin;C:\MinGW\bin;C:\Users\V\AppData\Local\GitHubDesktop\bin;C:\Program Files\Java\jdk-11.0.13\bin;C:\Program Files\Git\bin;C:\Users\V\AppData\Local\gitkraken\bin;C:\Users\V\AppData\Roaming\npm;C:\Python312\Scripts\;C:\Python312\;C:\Users\V\AppData\Roaming\nvm;C:\Program Files\nodejs;C:\Users\V\AppData\Roaming\Composer\vendor\bin;C:\Users\V
USERNAME=Villajuana Saavedra
LANG=en_US.UTF-8
OS=Windows_NT
PROCESSOR_IDENTIFIER=AMD64 Family 23 Model 113 Stepping 0, AuthenticAMD



---------------  S Y S T E M  ---------------

OS:
 Windows 10 , 64 bit Build 19041 (10.0.19041.5678)
OS uptime: 2 days 19:05 hours
Hyper-V role detected

CPU: total 6 (initial active 6) (6 cores per cpu, 1 threads per core) family 23 model 113 stepping 0 microcode 0x0, cx8, cmov, fxsr, mmx, 3dnowpref, sse, sse2, sse3, ssse3, sse4a, sse4.1, sse4.2, popcnt, lzcnt, tsc, tscinvbit, avx, avx2, aes, clmul, bmi1, bmi2, adx, sha, fma, vzeroupper, clflush, clflushopt, hv

Memory: 4k page, system-wide physical 16328M (1108M free)
TotalPageFile size 36808M (AvailPageFile size 71M)
current process WorkingSet (physical memory assigned to process): 10M, peak: 10M
current process commit charge ("private bytes"): 40M, peak: 296M

vm_info: Java HotSpot(TM) 64-Bit Server VM (17.0.12+8-LTS-286) for windows-amd64 JRE (17.0.12+8-LTS-286), built on Jun  5 2024 06:46:59 by "mach5one" with MS VC++ 17.6 (VS2022)

END.
