JvmtiExport can_access_local_variables 0
JvmtiExport can_hotswap_or_post_breakpoint 0
JvmtiExport can_post_on_exceptions 0
# 282 ciObject found
ciInstanceKlass java/lang/Cloneable 1 0 7 100 1 100 1 1 1
instanceKlass sun/net/www/http/HttpCapture$1
instanceKlass sun/net/www/http/HttpCapture
instanceKlass sun/net/www/http/KeepAliveKey
instanceKlass sun/net/NetworkClient$1
instanceKlass sun/net/NetworkClient
instanceKlass sun/net/www/protocol/http/HttpURLConnection$7
instanceKlass java/net/ResponseCache
instanceKlass sun/net/www/protocol/http/HttpURLConnection$3
instanceKlass java/net/CookieHandler
instanceKlass sun/net/www/protocol/http/HttpURLConnection$2
instanceKlass sun/util/logging/PlatformLogger$ConfigurableBridge$LoggerConfiguration
instanceKlass jdk/internal/logger/LoggerFinderLoader
instanceKlass jdk/internal/logger/LazyLoggers$LazyLoggerFactories
instanceKlass jdk/internal/logger/LazyLoggers$1
instanceKlass jdk/internal/logger/LazyLoggers
instanceKlass sun/util/logging/PlatformLogger
instanceKlass java/net/spi/URLStreamHandlerProvider
instanceKlass java/net/URL$1
instanceKlass java/net/URL$2
instanceKlass java/nio/file/FileTreeIterator
instanceKlass org/gradle/api/internal/provider/ValueSupplier$PlusProducer
instanceKlass io/micronaut/testresources/buildtools/ServerUtils$DefaultProcessParameters
instanceKlass sun/net/util/SocketExceptions
instanceKlass sun/net/spi/DefaultProxySelector$3
instanceKlass sun/net/spi/DefaultProxySelector$NonProxyInfo
instanceKlass sun/net/spi/DefaultProxySelector$1
instanceKlass java/net/SocksSocketImpl$3
instanceKlass io/micronaut/testresources/buildtools/ServerSettings
instanceKlass io/micronaut/testresources/buildtools/ServerUtils$ProcessParameters
instanceKlass io/micronaut/testresources/buildtools/ServerUtils
instanceKlass io/micronaut/gradle/testresources/StartTestResourcesService$1
instanceKlass org/gradle/api/internal/artifacts/ivyservice/resolveengine/artifact/LocalFileDependencyBackedArtifactSet$SingletonFileResolvedVariant
instanceKlass org/gradle/internal/execution/history/changes/InputFileChanges$1
instanceKlass org/gradle/internal/execution/history/changes/ExecutionStateChanges$1
instanceKlass org/gradle/internal/execution/history/changes/CachingChangeContainer$CachingVisitor
instanceKlass org/gradle/internal/execution/history/changes/DefaultExecutionStateChangeDetector$InputFileChangesWrapper
instanceKlass org/gradle/internal/execution/history/changes/CachingChangeContainer
instanceKlass org/gradle/internal/execution/history/changes/AbstractFingerprintChanges$1
instanceKlass org/gradle/api/internal/artifacts/ivyservice/resolveengine/graph/builder/ModuleSelectors$1
instanceKlass org/gradle/internal/fingerprint/impl/PatternSetSnapshottingFilter$LogicalFileTreeElement
instanceKlass org/gradle/internal/snapshot/impl/FileSystemSnapshotFilter$FilteringVisitor$1
instanceKlass org/gradle/internal/snapshot/impl/FileSystemSnapshotFilter$FilteringVisitor
instanceKlass org/gradle/internal/snapshot/SnapshottingFilter$FileSystemSnapshotPredicate
instanceKlass org/gradle/api/internal/artifacts/ivyservice/resolveengine/artifact/LocalFileDependencyBackedArtifactSet
instanceKlass org/gradle/api/internal/artifacts/ivyservice/resolveengine/artifact/LocalDependencyFiles
instanceKlass org/gradle/api/internal/artifacts/ivyservice/resolveengine/artifact/FileDependencyArtifactSet
instanceKlass org/gradle/api/internal/artifacts/ivyservice/moduleconverter/dependencies/DefaultLocalVariantMetadataBuilder$DefaultLocalFileDependencyMetadata
instanceKlass org/gradle/internal/component/local/model/LocalFileDependencyMetadata
instanceKlass org/gradle/api/artifacts/FileCollectionDependency
instanceKlass org/gradle/api/internal/artifacts/dependencies/SelfResolvingDependencyInternal
instanceKlass io/micronaut/testresources/buildtools/TestResourcesClasspath$Matcher
instanceKlass io/micronaut/testresources/buildtools/TestResourcesClasspath
instanceKlass org/gradle/api/internal/artifacts/ivyservice/ShortCircuitEmptyConfigurationResolver$EmptyResults
instanceKlass org/gradle/api/internal/AbstractTask$7
instanceKlass org/gradle/api/tasks/internal/JavaExecExecutableUtils
instanceKlass org/graalvm/buildtools/gradle/tasks/actions/CleanupAgentFilesAction
instanceKlass org/gradle/api/internal/AbstractTask$14
instanceKlass org/graalvm/buildtools/gradle/internal/NativeImageExecutableLocator$Diagnostics
instanceKlass org/graalvm/buildtools/gradle/internal/NativeImageExecutableLocator
instanceKlass org/graalvm/buildtools/gradle/tasks/actions/MergeAgentFilesAction
instanceKlass org/graalvm/buildtools/gradle/internal/ConfigurationCacheSupport$SerializableSupplier
instanceKlass org/graalvm/buildtools/gradle/internal/AgentCommandLineProvider
instanceKlass org/gradle/api/internal/AbstractTask$TaskActionWrapper
instanceKlass org/gradle/api/internal/AbstractTask$13
instanceKlass org/graalvm/buildtools/gradle/NativeImagePlugin$1
instanceKlass org/graalvm/buildtools/agent/AgentConfiguration
instanceKlass org/graalvm/buildtools/agent/AgentMode
instanceKlass org/graalvm/buildtools/gradle/internal/agent/AgentConfigurationFactory
instanceKlass io/micronaut/gradle/testresources/ServerConnectionParametersProvider
instanceKlass io/micronaut/testresources/buildtools/ServerFactory
instanceKlass org/gradle/api/tasks/ClasspathNormalizer
instanceKlass org/gradle/api/tasks/FileNormalizer
instanceKlass io/micronaut/gradle/graalvm/GraalUtil
instanceKlass org/gradle/jvm/toolchain/internal/DefaultToolchainJavaLauncher
instanceKlass org/gradle/process/internal/DefaultJavaDebugOptions
instanceKlass org/gradle/process/internal/JvmOptions
instanceKlass org/gradle/api/tasks/options/Option
instanceKlass org/gradle/internal/hash/HashCode$1
instanceKlass jdk/internal/math/FormattedFloatingDecimal$2
instanceKlass jdk/internal/math/FormattedFloatingDecimal
instanceKlass org/gradle/internal/remote/internal/inet/SocketConnection$1
instanceKlass java/net/Proxy
instanceKlass java/net/UrlDeserializedState
instanceKlass java/util/Locale$1
instanceKlass org/gradle/internal/work/DefaultWorkerLeaseService$1
instanceKlass org/gradle/cache/internal/DefaultCleanupProgressMonitor
instanceKlass org/gradle/cache/CleanupProgressMonitor
instanceKlass org/gradle/initialization/layout/ProjectCacheDir$1
instanceKlass org/gradle/cache/internal/VersionSpecificCacheCleanupAction
instanceKlass org/gradle/launcher/exec/BuildActionResult
instanceKlass org/gradle/tooling/internal/provider/serialization/SerializedPayload
instanceKlass java/lang/Short$ShortCache
instanceKlass org/gradle/tooling/internal/provider/serialization/WellKnownClassLoaderRegistry$1
instanceKlass org/gradle/tooling/internal/provider/serialization/DefaultPayloadClassLoaderRegistry$1
instanceKlass org/gradle/api/internal/cache/DefaultCacheConfigurations$MustBeConfiguredCleanupFrequency
instanceKlass org/gradle/execution/DefaultCancellableOperationManager
instanceKlass org/gradle/internal/work/DefaultWorkerLeaseService$ConfiguredRegistries$1
instanceKlass org/gradle/internal/watch/vfs/impl/WatchingVirtualFileSystem$2$1
instanceKlass org/gradle/internal/watch/vfs/BuildFinishedFileSystemWatchingBuildOperationType$Result
instanceKlass org/gradle/internal/watch/vfs/impl/DefaultFileSystemWatchingStatistics$VirtualFileSystemStatistics
instanceKlass org/gradle/internal/watch/vfs/impl/DefaultFileSystemWatchingStatistics
instanceKlass org/gradle/internal/watch/registry/impl/WatchableHierarchies$InvalidatorVisitor
instanceKlass org/gradle/internal/watch/registry/impl/DefaultFileWatcherRegistry$2
instanceKlass org/gradle/internal/watch/vfs/BuildFinishedFileSystemWatchingBuildOperationType$Details$1
instanceKlass org/gradle/internal/watch/vfs/BuildFinishedFileSystemWatchingBuildOperationType$Details
instanceKlass org/gradle/internal/watch/vfs/impl/WatchingVirtualFileSystem$2
instanceKlass org/gradle/api/internal/tasks/execution/statistics/TaskExecutionStatistics
instanceKlass org/gradle/internal/buildevents/TaskExecutionStatisticsReporter
instanceKlass org/gradle/internal/logging/text/AbstractStyledTextOutput$StyleOverrideTextOutput
instanceKlass org/gradle/internal/logging/text/BufferingStyledTextOutput$ChangeStyleAction
instanceKlass org/gradle/internal/buildevents/BuildExceptionReporter$ContextImpl
instanceKlass org/gradle/internal/logging/text/BufferingStyledTextOutput$1
instanceKlass org/gradle/internal/buildevents/BuildExceptionReporter$FailureDetails
instanceKlass org/gradle/tooling/internal/protocol/events/InternalProblemDescriptor
instanceKlass org/gradle/tooling/internal/protocol/events/InternalOperationDescriptor
instanceKlass org/gradle/tooling/internal/protocol/problem/InternalProblemDetailsVersion2
instanceKlass org/gradle/tooling/internal/protocol/events/InternalProgressEvent
instanceKlass org/gradle/tooling/internal/provider/runner/AggregatingProblemConsumer
instanceKlass kotlin/Unit
instanceKlass kotlin/Pair
instanceKlass kotlin/TuplesKt
instanceKlass org/gradle/problems/internal/impl/DefaultProblemsReportCreator$report$1
instanceKlass org/gradle/internal/cc/impl/problems/JsonSource
instanceKlass kotlin/text/CharsKt__CharJVMKt
instanceKlass org/gradle/problems/buildtree/ProblemReporter$ProblemConsumer
instanceKlass org/gradle/internal/flow/services/BuildFlowScope$setBuildWorkResult$1$1
instanceKlass org/gradle/api/flow/BuildWorkResult
instanceKlass java/io/ObjectStreamClass$ExceptionInfo
instanceKlass org/gradle/internal/serialize/NestedExceptionPlaceholder
instanceKlass java/io/SerialCallbackContext
instanceKlass java/util/logging/LogRecord
instanceKlass org/gradle/internal/serialize/ExceptionPlaceholder$2
instanceKlass org/gradle/internal/serialize/ExceptionPlaceholder$Java14NullPointerExceptionUsefulMessageSupport
instanceKlass org/gradle/internal/serialize/StackTraceElementPlaceholder
instanceKlass org/gradle/internal/serialize/ExceptionReplacingObjectOutputStream$2
instanceKlass org/codehaus/groovy/runtime/StackTraceUtils
instanceKlass org/gradle/internal/serialize/PlaceholderExceptionSupport
instanceKlass org/gradle/internal/serialize/ExceptionPlaceholder
instanceKlass org/gradle/internal/problems/DefaultProblemDiagnosticsFactory$DefaultProblemDiagnostics
instanceKlass org/gradle/internal/problems/failure/DefaultFailure
instanceKlass org/gradle/internal/problems/failure/DefaultFailureFactory$Job$1
instanceKlass org/gradle/internal/problems/failure/Failure
instanceKlass org/gradle/internal/problems/failure/DefaultFailureFactory$Job
instanceKlass org/gradle/internal/exceptions/Contextual
instanceKlass org/gradle/composite/internal/OperationFiringBuildTreeFinishExecutor$1
instanceKlass java/util/concurrent/ConcurrentLinkedQueue$Itr
instanceKlass com/google/common/cache/LocalCache$WriteThroughEntry
instanceKlass com/google/common/cache/LocalCache$HashIterator
instanceKlass org/gradle/internal/execution/history/changes/ChangeDetectorVisitor
instanceKlass java/lang/StackTraceElement$HashedModules
instanceKlass java/lang/Throwable$PrintStreamOrWriter
instanceKlass com/bmuschko/gradle/docker/shaded/com/fasterxml/jackson/databind/InjectableValues
instanceKlass org/gradle/execution/plan/DefaultPlanExecutor$ExecutorState$HealthState
instanceKlass java/time/Instant$1
instanceKlass java/time/Clock
instanceKlass java/time/InstantSource
instanceKlass com/bmuschko/gradle/docker/shaded/com/fasterxml/jackson/core/io/NumberInput
instanceKlass com/github/dockerjava/api/model/DockerObjectAccessor
instanceKlass com/bmuschko/gradle/docker/shaded/com/fasterxml/jackson/databind/util/Converter
instanceKlass com/bmuschko/gradle/docker/shaded/com/fasterxml/jackson/databind/deser/impl/JavaUtilCollectionsDeserializers
instanceKlass com/bmuschko/gradle/docker/shaded/com/fasterxml/jackson/databind/node/TreeTraversingParser$1
instanceKlass com/bmuschko/gradle/docker/shaded/com/fasterxml/jackson/databind/MappingIterator
instanceKlass com/bmuschko/gradle/docker/shaded/org/apache/hc/core5/http/impl/io/ChunkedInputStream$1
instanceKlass com/bmuschko/gradle/docker/shaded/com/fasterxml/jackson/databind/introspect/AnnotationCollector$OneAnnotation
instanceKlass jdk/internal/ValueBased
instanceKlass com/bmuschko/gradle/docker/shaded/org/apache/hc/core5/http/io/entity/AbstractHttpEntity
instanceKlass com/github/dockerjava/core/DefaultInvocationBuilder$JsonSink
instanceKlass com/bmuschko/gradle/docker/shaded/com/google/common/math/IntMath$1
instanceKlass com/bmuschko/gradle/docker/shaded/com/google/common/math/MathPreconditions
instanceKlass com/bmuschko/gradle/docker/shaded/com/google/common/math/IntMath
instanceKlass com/bmuschko/gradle/docker/shaded/com/google/common/base/CharMatcher
instanceKlass com/bmuschko/gradle/docker/shaded/com/google/common/base/Predicate
instanceKlass com/bmuschko/gradle/docker/shaded/com/google/common/io/ByteSink
instanceKlass com/bmuschko/gradle/docker/shaded/com/google/common/io/ByteSource
instanceKlass com/bmuschko/gradle/docker/shaded/com/google/common/io/BaseEncoding
instanceKlass com/bmuschko/gradle/docker/shaded/com/fasterxml/jackson/core/filter/TokenFilter
instanceKlass com/bmuschko/gradle/docker/shaded/com/fasterxml/jackson/databind/ObjectWriter$Prefetch
instanceKlass com/bmuschko/gradle/docker/shaded/com/fasterxml/jackson/databind/ObjectWriter$GeneratorSettings
instanceKlass com/bmuschko/gradle/docker/shaded/com/fasterxml/jackson/core/util/MinimalPrettyPrinter
instanceKlass com/bmuschko/gradle/docker/shaded/com/fasterxml/jackson/databind/ObjectWriter
instanceKlass com/bmuschko/gradle/docker/shaded/com/fasterxml/jackson/databind/node/InternalNodeMapper
instanceKlass com/bmuschko/gradle/docker/shaded/com/fasterxml/jackson/databind/ser/AnyGetterWriter
instanceKlass com/bmuschko/gradle/docker/shaded/com/fasterxml/jackson/databind/annotation/JsonAppend
instanceKlass com/bmuschko/gradle/docker/shaded/com/fasterxml/jackson/databind/ser/PropertyBuilder$1
instanceKlass com/bmuschko/gradle/docker/shaded/com/fasterxml/jackson/databind/BeanProperty$Std
instanceKlass com/bmuschko/gradle/docker/shaded/com/fasterxml/jackson/annotation/JsonTypeId
instanceKlass com/bmuschko/gradle/docker/shaded/com/fasterxml/jackson/databind/introspect/POJOPropertyBuilder$3
instanceKlass com/bmuschko/gradle/docker/shaded/com/fasterxml/jackson/databind/ser/PropertyBuilder
instanceKlass com/bmuschko/gradle/docker/shaded/com/fasterxml/jackson/databind/ser/BeanSerializerBuilder
instanceKlass com/bmuschko/gradle/docker/shaded/com/fasterxml/jackson/databind/ser/impl/PropertySerializerMap$SerializerAndMapResult
instanceKlass com/bmuschko/gradle/docker/shaded/com/fasterxml/jackson/databind/ser/std/StdKeySerializers
instanceKlass com/bmuschko/gradle/docker/shaded/com/fasterxml/jackson/annotation/JsonInclude
instanceKlass com/bmuschko/gradle/docker/shaded/com/fasterxml/jackson/databind/ser/impl/PropertySerializerMap
instanceKlass com/bmuschko/gradle/docker/shaded/com/fasterxml/jackson/annotation/JsonFilter
instanceKlass com/bmuschko/gradle/docker/shaded/com/fasterxml/jackson/databind/util/TypeKey
instanceKlass com/bmuschko/gradle/docker/shaded/com/fasterxml/jackson/databind/ser/impl/ReadOnlyClassToSerializerMap$Bucket
instanceKlass com/bmuschko/gradle/docker/shaded/com/fasterxml/jackson/databind/ser/impl/ReadOnlyClassToSerializerMap
instanceKlass com/bmuschko/gradle/docker/shaded/com/fasterxml/jackson/databind/util/TokenBuffer$Segment
instanceKlass com/bmuschko/gradle/docker/shaded/com/google/common/collect/AbstractMapBasedMultimap$WrappedCollection$WrappedIterator
instanceKlass com/bmuschko/gradle/docker/shaded/com/google/common/collect/AbstractMapBasedMultimap$AsMap$AsMapIterator
instanceKlass com/bmuschko/gradle/docker/shaded/com/google/common/collect/AbstractMapEntry
instanceKlass com/bmuschko/gradle/docker/shaded/com/google/common/collect/Sets
instanceKlass com/bmuschko/gradle/docker/shaded/com/google/common/collect/AbstractMapBasedMultimap$Itr
instanceKlass com/github/dockerjava/core/exec/AbstrAsyncDockerCmdExec$1
instanceKlass com/bmuschko/gradle/docker/tasks/image/DockerBuildImage$3$1
instanceKlass com/bmuschko/gradle/docker/internal/OutputCollector
instanceKlass org/gradle/util/internal/DisconnectableInputStream$1
instanceKlass org/gradle/util/internal/DisconnectableInputStream$ThreadExecuter
instanceKlass org/gradle/process/internal/streams/ForwardStdinStreamsHandler
instanceKlass org/gradle/process/internal/DefaultExecHandle$ExecResultImpl
instanceKlass org/gradle/internal/operations/CurrentBuildOperationRef$Callable
instanceKlass org/gradle/process/internal/streams/ExecOutputHandleRunner
instanceKlass java/lang/ProcessImpl$2
instanceKlass java/lang/ProcessHandleImpl
instanceKlass net/rubygrapefruit/platform/internal/jni/WindowsHandleFunctions
instanceKlass org/gradle/process/internal/ProcessBuilderFactory
instanceKlass org/gradle/process/internal/DefaultExecHandle$CompositeStreamsHandler
instanceKlass org/gradle/process/internal/ExecHandleRunner
instanceKlass org/gradle/process/internal/ExecHandleShutdownHookAction
instanceKlass net/rubygrapefruit/platform/internal/DefaultProcessLauncher
instanceKlass net/rubygrapefruit/platform/internal/WindowsProcessLauncher
instanceKlass net/rubygrapefruit/platform/internal/WrapperProcessLauncher
instanceKlass org/gradle/process/internal/DefaultExecHandle
instanceKlass org/gradle/process/internal/ProcessSettings
instanceKlass org/gradle/process/internal/streams/OutputStreamsForwarder
instanceKlass org/gradle/process/internal/DefaultExecActionFactory$DecoratingExecActionFactory$1
instanceKlass org/gradle/process/internal/streams/SafeStreams
instanceKlass org/gradle/process/internal/ProcessStreamsSpec
instanceKlass org/gradle/process/internal/streams/EmptyStdInStreamsHandler
instanceKlass org/gradle/process/internal/ProcessArgumentsSpec
instanceKlass org/gradle/process/internal/ExecHandle
instanceKlass org/gradle/process/internal/StreamsHandler
instanceKlass org/gradle/process/internal/DefaultProcessForkOptions
instanceKlass org/gradle/process/internal/ProcessArgumentsSpec$HasExecutable
instanceKlass com/bmuschko/gradle/docker/shaded/com/fasterxml/jackson/databind/cfg/MapperBuilder
instanceKlass jdk/internal/misc/ScopedMemoryAccess$Scope$Handle
instanceKlass com/bmuschko/gradle/docker/shaded/com/google/common/io/ByteArrayDataInput
instanceKlass com/bmuschko/gradle/docker/shaded/com/google/common/io/ByteArrayDataOutput
instanceKlass com/bmuschko/gradle/docker/shaded/com/google/common/io/ByteStreams
instanceKlass com/bmuschko/gradle/docker/shaded/org/apache/commons/compress/archivers/tar/TarUtils$1
instanceKlass com/bmuschko/gradle/docker/shaded/org/apache/commons/compress/archivers/tar/TarUtils
instanceKlass sun/nio/fs/WindowsUserPrincipals$User
instanceKlass java/nio/file/attribute/UserPrincipal
instanceKlass sun/nio/fs/WindowsUserPrincipals
instanceKlass sun/nio/fs/FileOwnerAttributeViewImpl
instanceKlass java/nio/file/attribute/DosFileAttributeView
instanceKlass com/bmuschko/gradle/docker/shaded/org/apache/commons/compress/utils/IOUtils
instanceKlass com/bmuschko/gradle/docker/shaded/org/apache/commons/compress/archivers/tar/TarArchiveEntry
instanceKlass com/bmuschko/gradle/docker/shaded/org/apache/commons/compress/archivers/EntryStreamOffsets
instanceKlass com/bmuschko/gradle/docker/shaded/org/apache/commons/compress/archivers/tar/TarConstants
instanceKlass com/bmuschko/gradle/docker/shaded/org/apache/commons/compress/utils/FixedLengthBlockOutputStream$BufferAtATimeOutputChannel
instanceKlass com/bmuschko/gradle/docker/shaded/org/apache/commons/compress/archivers/zip/NioZipEncoding
instanceKlass com/bmuschko/gradle/docker/shaded/org/apache/commons/compress/archivers/zip/CharsetAccessor
instanceKlass com/bmuschko/gradle/docker/shaded/org/apache/commons/compress/archivers/zip/ZipEncoding
instanceKlass com/bmuschko/gradle/docker/shaded/org/apache/commons/compress/archivers/zip/ZipEncodingHelper
instanceKlass com/bmuschko/gradle/docker/shaded/org/apache/commons/io/filefilter/IOFileFilter
instanceKlass com/bmuschko/gradle/docker/shaded/org/apache/commons/io/FileUtils
instanceKlass com/bmuschko/gradle/docker/shaded/org/apache/commons/compress/archivers/ArchiveEntry
instanceKlass com/github/dockerjava/core/util/CompressArchiveUtil
instanceKlass com/bmuschko/gradle/docker/shaded/org/apache/commons/io/FilenameUtils
instanceKlass com/github/dockerjava/core/util/FilePathUtil
instanceKlass com/github/dockerjava/core/dockerfile/Dockerfile$ScannedResult
instanceKlass com/github/dockerjava/core/dockerfile/Dockerfile
instanceKlass com/github/dockerjava/core/command/AbstrAsyncDockerCmd
instanceKlass com/bmuschko/gradle/docker/shaded/org/apache/commons/lang3/builder/EqualsExclude
instanceKlass com/bmuschko/gradle/docker/shaded/org/apache/commons/lang3/tuple/Pair
instanceKlass com/bmuschko/gradle/docker/shaded/org/apache/commons/lang3/builder/EqualsBuilder
instanceKlass org/gradle/api/internal/provider/DefaultMapProperty$FixedSupplier
instanceKlass com/bmuschko/gradle/docker/shaded/org/apache/hc/core5/io/Closer
instanceKlass com/bmuschko/gradle/docker/shaded/org/apache/hc/core5/pool/StrictConnPool$3
instanceKlass com/bmuschko/gradle/docker/shaded/org/apache/commons/io/Charsets
instanceKlass com/bmuschko/gradle/docker/shaded/org/apache/commons/io/IOUtils
instanceKlass com/github/dockerjava/httpclient5/ApacheDockerHttpClientImpl$ApacheResponse
instanceKlass com/bmuschko/gradle/docker/shaded/org/apache/hc/client5/http/impl/classic/CloseableHttpResponse
instanceKlass com/bmuschko/gradle/docker/shaded/org/apache/hc/core5/function/Supplier
instanceKlass com/bmuschko/gradle/docker/shaded/org/apache/hc/core5/http/io/entity/HttpEntityWrapper
instanceKlass com/bmuschko/gradle/docker/shaded/org/apache/hc/core5/http/io/EofSensorWatcher
instanceKlass com/bmuschko/gradle/docker/shaded/org/apache/hc/core5/http/HeaderElement
instanceKlass com/bmuschko/gradle/docker/shaded/org/apache/hc/core5/http/message/BasicHeaderValueParser
instanceKlass com/bmuschko/gradle/docker/shaded/org/apache/hc/core5/http/message/HeaderValueParser
instanceKlass com/bmuschko/gradle/docker/shaded/org/apache/hc/core5/http/message/AbstractHeaderElementIterator
instanceKlass com/bmuschko/gradle/docker/shaded/org/apache/hc/core5/http/impl/io/IncomingHttpEntity
instanceKlass com/bmuschko/gradle/docker/shaded/org/apache/hc/core5/http/message/StatusLine
instanceKlass com/bmuschko/gradle/docker/shaded/org/apache/hc/core5/http/message/ParserCursor
instanceKlass sun/nio/ch/Invoker$2
instanceKlass sun/nio/ch/WindowsAsynchronousFileChannelImpl$ReadTask
instanceKlass sun/nio/ch/WindowsAsynchronousFileChannelImpl$WriteTask
instanceKlass sun/nio/ch/Iocp$ResultHandler
instanceKlass sun/nio/ch/PendingFuture
instanceKlass com/bmuschko/gradle/docker/shaded/org/apache/hc/core5/http/message/RequestLine
instanceKlass com/bmuschko/gradle/docker/shaded/org/apache/hc/client5/http/impl/classic/RequestEntityProxy
instanceKlass sun/nio/ch/Invoker$GroupAndInvokeCount
instanceKlass sun/nio/ch/PendingIoCache
instanceKlass sun/nio/ch/Invoker
instanceKlass sun/nio/ch/AsynchronousChannelGroupImpl$1
instanceKlass sun/nio/ch/AsynchronousChannelGroupImpl$2
instanceKlass sun/nio/ch/Iocp$EventHandlerTask
instanceKlass sun/nio/ch/ThreadPool
instanceKlass sun/nio/ch/Iocp$CompletionStatus
instanceKlass java/nio/channels/AsynchronousChannelGroup
instanceKlass sun/nio/ch/WindowsAsynchronousFileChannelImpl$DefaultIocpHolder
instanceKlass sun/nio/ch/Groupable
instanceKlass sun/nio/ch/Iocp$OverlappedChannel
instanceKlass java/nio/channels/CompletionHandler
instanceKlass com/github/dockerjava/transport/NamedPipeSocket$AsynchronousFileByteChannel
instanceKlass com/bmuschko/gradle/docker/shaded/org/apache/hc/client5/http/socket/PlainConnectionSocketFactory$1
instanceKlass java/net/SocksConsts
instanceKlass sun/net/PlatformSocketImpl
instanceKlass java/nio/channels/AsynchronousByteChannel
instanceKlass java/net/InetAddress$CachedAddresses
instanceKlass sun/net/InetAddressCachePolicy$2
instanceKlass sun/net/InetAddressCachePolicy$1
instanceKlass sun/net/InetAddressCachePolicy
instanceKlass java/net/InetAddress$NameServiceAddresses
instanceKlass java/net/InetAddress$Addresses
instanceKlass com/bmuschko/gradle/docker/shaded/org/apache/hc/client5/http/RouteTracker
instanceKlass com/bmuschko/gradle/docker/shaded/org/apache/hc/core5/http/impl/io/AbstractMessageParser
instanceKlass com/bmuschko/gradle/docker/shaded/org/apache/hc/core5/http/impl/io/AbstractMessageWriter
instanceKlass com/bmuschko/gradle/docker/shaded/org/apache/hc/core5/http/impl/BasicHttpConnectionMetrics
instanceKlass com/bmuschko/gradle/docker/shaded/org/apache/hc/core5/http/impl/io/SessionOutputBufferImpl
instanceKlass com/bmuschko/gradle/docker/shaded/org/apache/hc/core5/util/ByteArrayBuffer
instanceKlass com/bmuschko/gradle/docker/shaded/org/apache/hc/core5/http/impl/io/SessionInputBufferImpl
instanceKlass com/bmuschko/gradle/docker/shaded/org/apache/hc/core5/http/impl/BasicHttpTransportMetrics
instanceKlass com/bmuschko/gradle/docker/shaded/org/apache/hc/core5/http/impl/io/SocketHolder
instanceKlass com/bmuschko/gradle/docker/shaded/org/apache/hc/core5/http/io/SessionOutputBuffer
instanceKlass com/bmuschko/gradle/docker/shaded/org/apache/hc/core5/http/io/SessionInputBuffer
instanceKlass com/bmuschko/gradle/docker/shaded/org/apache/hc/core5/http/EndpointDetails
instanceKlass com/bmuschko/gradle/docker/shaded/org/apache/hc/core5/http/HttpConnectionMetrics
instanceKlass com/bmuschko/gradle/docker/shaded/org/apache/hc/core5/http/io/HttpTransportMetrics
instanceKlass com/bmuschko/gradle/docker/shaded/org/apache/hc/core5/http/impl/io/BHttpConnectionBase
instanceKlass com/bmuschko/gradle/docker/shaded/org/apache/hc/core5/util/Identifiable
instanceKlass com/bmuschko/gradle/docker/shaded/org/apache/hc/client5/http/io/ConnectionEndpoint
instanceKlass com/bmuschko/gradle/docker/shaded/org/apache/hc/client5/http/impl/io/PoolingHttpClientConnectionManager$1
instanceKlass com/bmuschko/gradle/docker/shaded/org/apache/hc/core5/pool/PoolEntry
instanceKlass com/bmuschko/gradle/docker/shaded/org/apache/hc/core5/pool/StrictConnPool$PerRoutePool
instanceKlass com/bmuschko/gradle/docker/shaded/org/apache/hc/core5/pool/StrictConnPool$LeaseRequest
instanceKlass com/bmuschko/gradle/docker/shaded/org/apache/hc/core5/concurrent/BasicFuture
instanceKlass com/bmuschko/gradle/docker/shaded/org/apache/hc/core5/util/Deadline
instanceKlass com/bmuschko/gradle/docker/shaded/org/apache/hc/core5/util/Asserts
instanceKlass com/bmuschko/gradle/docker/shaded/org/apache/hc/client5/http/impl/auth/HttpAuthenticator$1
instanceKlass com/bmuschko/gradle/docker/shaded/org/apache/hc/client5/http/impl/cookie/AbstractCookieAttributeHandler
instanceKlass com/bmuschko/gradle/docker/shaded/org/apache/hc/client5/http/impl/cookie/PublicSuffixDomainFilter
instanceKlass com/bmuschko/gradle/docker/shaded/org/apache/hc/client5/http/impl/cookie/BasicDomainHandler
instanceKlass com/bmuschko/gradle/docker/shaded/org/apache/hc/client5/http/impl/cookie/BasicPathHandler
instanceKlass com/bmuschko/gradle/docker/shaded/org/apache/hc/client5/http/cookie/SetCookie
instanceKlass com/bmuschko/gradle/docker/shaded/org/apache/hc/client5/http/cookie/Cookie
instanceKlass com/bmuschko/gradle/docker/shaded/org/apache/hc/client5/http/impl/cookie/RFC6265CookieSpec
instanceKlass com/bmuschko/gradle/docker/shaded/org/apache/hc/client5/http/impl/cookie/RFC6265CookieSpecFactory$2
instanceKlass com/bmuschko/gradle/docker/shaded/org/apache/hc/client5/http/cookie/CookieOrigin
instanceKlass com/bmuschko/gradle/docker/shaded/org/apache/hc/client5/http/auth/Credentials
instanceKlass com/bmuschko/gradle/docker/shaded/org/apache/hc/client5/http/impl/AuthSupport
instanceKlass com/bmuschko/gradle/docker/shaded/org/apache/hc/core5/util/LangUtils
instanceKlass com/bmuschko/gradle/docker/shaded/org/apache/hc/client5/http/auth/AuthExchange
instanceKlass com/bmuschko/gradle/docker/shaded/org/apache/hc/client5/http/protocol/RedirectLocations
instanceKlass com/bmuschko/gradle/docker/shaded/org/apache/hc/client5/http/impl/classic/ExecChainElement$1
instanceKlass com/bmuschko/gradle/docker/shaded/org/apache/hc/core5/http/message/BasicListHeaderIterator
instanceKlass com/bmuschko/gradle/docker/shaded/org/apache/hc/client5/http/impl/classic/ClassicRequestCopier
instanceKlass com/bmuschko/gradle/docker/shaded/org/apache/hc/client5/http/impl/MessageCopier
instanceKlass com/bmuschko/gradle/docker/shaded/org/apache/hc/client5/http/classic/ExecChain$Scope
instanceKlass com/bmuschko/gradle/docker/shaded/org/apache/hc/client5/http/impl/classic/InternalExecRuntime
instanceKlass com/bmuschko/gradle/docker/shaded/org/apache/hc/client5/http/impl/ExecSupport
instanceKlass com/bmuschko/gradle/docker/shaded/org/apache/hc/client5/http/HttpRoute
instanceKlass com/bmuschko/gradle/docker/shaded/org/apache/hc/client5/http/routing/RoutingSupport
instanceKlass com/bmuschko/gradle/docker/shaded/org/apache/hc/core5/http/protocol/HttpCoreContext
instanceKlass com/bmuschko/gradle/docker/shaded/org/apache/hc/core5/http/message/BasicHeader
instanceKlass com/bmuschko/gradle/docker/shaded/org/apache/hc/core5/net/URIAuthority
instanceKlass java/util/concurrent/atomic/AtomicMarkableReference$Pair
instanceKlass java/util/concurrent/atomic/AtomicMarkableReference
instanceKlass com/bmuschko/gradle/docker/shaded/org/apache/hc/core5/http/message/HeaderGroup
instanceKlass com/bmuschko/gradle/docker/shaded/org/apache/hc/core5/concurrent/CancellableDependency
instanceKlass com/bmuschko/gradle/docker/shaded/org/apache/hc/client5/http/classic/methods/HttpUriRequest
instanceKlass com/bmuschko/gradle/docker/shaded/org/apache/hc/core5/http/protocol/BasicHttpContext
instanceKlass com/github/dockerjava/transport/ImmutableRequest$Builder
instanceKlass com/github/dockerjava/transport/DockerHttpClient$Request
instanceKlass com/github/dockerjava/core/DefaultInvocationBuilder
instanceKlass java/lang/Character$Subset
instanceKlass com/bmuschko/gradle/docker/shaded/org/apache/commons/lang3/StringUtils
instanceKlass com/bmuschko/gradle/docker/shaded/com/google/common/escape/Escaper$1
instanceKlass com/bmuschko/gradle/docker/shaded/com/google/common/escape/Escaper
instanceKlass com/bmuschko/gradle/docker/shaded/com/google/common/net/UrlEscapers
instanceKlass com/bmuschko/gradle/docker/shaded/com/google/common/collect/Iterators$2
instanceKlass com/bmuschko/gradle/docker/shaded/com/google/common/collect/PeekingIterator
instanceKlass com/bmuschko/gradle/docker/shaded/com/google/common/collect/Iterators
instanceKlass com/bmuschko/gradle/docker/shaded/com/google/common/collect/ImmutableCollection$Builder
instanceKlass com/bmuschko/gradle/docker/shaded/com/google/common/collect/AbstractMultimap
instanceKlass com/bmuschko/gradle/docker/shaded/com/google/common/collect/SortedSetMultimap
instanceKlass com/bmuschko/gradle/docker/shaded/com/google/common/collect/ListMultimap
instanceKlass com/bmuschko/gradle/docker/shaded/com/google/common/collect/Multimaps
instanceKlass com/bmuschko/gradle/docker/shaded/com/google/common/collect/MultimapBuilder$HashSetSupplier
instanceKlass com/bmuschko/gradle/docker/shaded/com/google/common/base/Joiner$MapJoiner
instanceKlass com/bmuschko/gradle/docker/shaded/com/google/common/base/Joiner
instanceKlass com/bmuschko/gradle/docker/shaded/com/google/common/collect/Multiset
instanceKlass com/bmuschko/gradle/docker/shaded/com/google/common/collect/Collections2
instanceKlass com/bmuschko/gradle/docker/shaded/com/google/common/collect/Maps$EntryTransformer
instanceKlass com/bmuschko/gradle/docker/shaded/com/google/common/collect/BiMap
instanceKlass com/bmuschko/gradle/docker/shaded/com/google/common/base/Converter
instanceKlass com/bmuschko/gradle/docker/shaded/com/google/common/collect/ImmutableMap
instanceKlass com/bmuschko/gradle/docker/shaded/com/google/common/base/Function
instanceKlass com/bmuschko/gradle/docker/shaded/com/google/common/collect/SortedMapDifference
instanceKlass com/bmuschko/gradle/docker/shaded/com/google/common/collect/MapDifference
instanceKlass com/bmuschko/gradle/docker/shaded/com/google/common/collect/Maps
instanceKlass com/bmuschko/gradle/docker/shaded/com/google/common/collect/CollectPreconditions
instanceKlass com/bmuschko/gradle/docker/shaded/com/google/common/collect/MultimapBuilder$MultimapBuilderWithKeys
instanceKlass com/bmuschko/gradle/docker/shaded/com/google/common/collect/MultimapBuilder
instanceKlass com/bmuschko/gradle/docker/shaded/com/google/common/collect/ObjectArrays
instanceKlass com/bmuschko/gradle/docker/shaded/com/google/common/collect/UnmodifiableIterator
instanceKlass com/bmuschko/gradle/docker/shaded/com/google/common/collect/SetMultimap
instanceKlass com/bmuschko/gradle/docker/shaded/com/google/common/collect/Multimap
instanceKlass com/github/dockerjava/core/InvocationBuilder
instanceKlass com/github/dockerjava/core/DefaultDockerCmdExecFactory$DefaultWebTarget
instanceKlass com/github/dockerjava/core/exec/AbstrDockerCmdExec
instanceKlass com/github/dockerjava/core/command/AbstrDockerCmd
instanceKlass com/github/dockerjava/core/WebTarget
instanceKlass com/github/dockerjava/api/command/InitializeSwarmCmd$Exec
instanceKlass com/github/dockerjava/api/command/TagImageCmd$Exec
instanceKlass com/github/dockerjava/api/command/RemoveSwarmNodeCmd$Exec
instanceKlass com/github/dockerjava/api/command/RenameContainerCmd$Exec
instanceKlass com/github/dockerjava/api/command/RemoveServiceCmd$Exec
instanceKlass com/github/dockerjava/api/command/CreateConfigCmd$Exec
instanceKlass com/github/dockerjava/api/command/ListNetworksCmd$Exec
instanceKlass com/github/dockerjava/api/command/ListSecretsCmd$Exec
instanceKlass com/github/dockerjava/api/command/InspectServiceCmd$Exec
instanceKlass com/github/dockerjava/api/command/EventsCmd$Exec
instanceKlass com/github/dockerjava/api/command/UnpauseContainerCmd$Exec
instanceKlass com/github/dockerjava/api/command/BuildImageCmd$Exec
instanceKlass com/github/dockerjava/api/command/CreateServiceCmd$Exec
instanceKlass com/github/dockerjava/api/command/ListConfigsCmd$Exec
instanceKlass com/github/dockerjava/api/command/InspectSwarmCmd$Exec
instanceKlass com/github/dockerjava/api/command/LeaveSwarmCmd$Exec
instanceKlass com/github/dockerjava/api/command/ConnectToNetworkCmd$Exec
instanceKlass com/github/dockerjava/api/command/InspectNetworkCmd$Exec
instanceKlass com/github/dockerjava/api/command/CreateNetworkCmd$Exec
instanceKlass com/github/dockerjava/api/command/InspectVolumeCmd$Exec
instanceKlass com/github/dockerjava/api/command/RemoveNetworkCmd$Exec
instanceKlass com/github/dockerjava/api/command/ListVolumesCmd$Exec
instanceKlass com/github/dockerjava/api/command/CreateVolumeCmd$Exec
instanceKlass com/github/dockerjava/api/command/PauseContainerCmd$Exec
instanceKlass com/github/dockerjava/api/command/TopContainerCmd$Exec
instanceKlass com/github/dockerjava/api/command/CommitCmd$Exec
instanceKlass com/github/dockerjava/api/command/RestartContainerCmd$Exec
instanceKlass com/github/dockerjava/api/command/ResizeContainerCmd$Exec
instanceKlass com/github/dockerjava/api/command/RemoveSecretCmd$Exec
instanceKlass com/github/dockerjava/api/command/CreateSecretCmd$Exec
instanceKlass com/github/dockerjava/api/command/ListSwarmNodesCmd$Exec
instanceKlass com/github/dockerjava/api/command/DisconnectFromNetworkCmd$Exec
instanceKlass com/github/dockerjava/api/command/UpdateSwarmCmd$Exec
instanceKlass com/github/dockerjava/api/command/RemoveVolumeCmd$Exec
instanceKlass com/github/dockerjava/api/command/JoinSwarmCmd$Exec
instanceKlass com/github/dockerjava/api/command/UpdateServiceCmd$Exec
instanceKlass com/github/dockerjava/api/command/UpdateSwarmNodeCmd$Exec
instanceKlass com/github/dockerjava/api/command/ListServicesCmd$Exec
instanceKlass com/github/dockerjava/api/command/SaveImagesCmd$Exec
instanceKlass com/github/dockerjava/api/command/PushImageCmd$Exec
instanceKlass com/github/dockerjava/api/command/CreateImageCmd$Exec
instanceKlass com/github/dockerjava/api/command/SaveImageCmd$Exec
instanceKlass com/github/dockerjava/api/command/LoadImageAsyncCmd$Exec
instanceKlass com/github/dockerjava/api/command/InspectExecCmd$Exec
instanceKlass com/github/dockerjava/api/command/RemoveContainerCmd$Exec
instanceKlass com/github/dockerjava/api/command/CreateContainerCmd$Exec
instanceKlass com/github/dockerjava/api/command/ListContainersCmd$Exec
instanceKlass com/github/dockerjava/api/command/UpdateContainerCmd$Exec
instanceKlass com/github/dockerjava/api/command/LogContainerCmd$Exec
instanceKlass com/github/dockerjava/api/command/KillContainerCmd$Exec
instanceKlass com/github/dockerjava/api/command/StopContainerCmd$Exec
instanceKlass com/github/dockerjava/api/command/ContainerDiffCmd$Exec
instanceKlass com/github/dockerjava/api/command/CopyFileFromContainerCmd$Exec
instanceKlass com/github/dockerjava/api/command/VersionCmd$Exec
instanceKlass com/github/dockerjava/api/command/ExecStartCmd$Exec
instanceKlass com/github/dockerjava/api/command/AttachContainerCmd$Exec
instanceKlass com/github/dockerjava/api/command/WaitContainerCmd$Exec
instanceKlass com/github/dockerjava/api/command/ResizeExecCmd$Exec
instanceKlass com/github/dockerjava/api/command/InspectContainerCmd$Exec
instanceKlass com/github/dockerjava/api/command/StartContainerCmd$Exec
instanceKlass com/github/dockerjava/api/command/InspectImageCmd$Exec
instanceKlass com/github/dockerjava/api/command/SearchImagesCmd$Exec
instanceKlass com/github/dockerjava/api/command/ListImagesCmd$Exec
instanceKlass com/github/dockerjava/api/command/RemoveImageCmd$Exec
instanceKlass com/github/dockerjava/api/command/LoadImageCmd$Exec
instanceKlass com/github/dockerjava/api/command/PullImageCmd$Exec
instanceKlass com/github/dockerjava/api/command/InspectConfigCmd$Exec
instanceKlass com/github/dockerjava/api/command/RemoveConfigCmd$Exec
instanceKlass com/github/dockerjava/api/command/ExecCreateCmd$Exec
instanceKlass com/github/dockerjava/api/command/PingCmd$Exec
instanceKlass com/github/dockerjava/api/command/InfoCmd$Exec
instanceKlass com/github/dockerjava/api/command/AuthCmd$Exec
instanceKlass com/github/dockerjava/api/command/ListTasksCmd$Exec
instanceKlass com/github/dockerjava/api/command/LogSwarmObjectCmd$Exec
instanceKlass com/github/dockerjava/api/command/PruneCmd$Exec
instanceKlass com/github/dockerjava/api/command/StatsCmd$Exec
instanceKlass com/github/dockerjava/api/command/CopyArchiveToContainerCmd$Exec
instanceKlass com/github/dockerjava/api/command/CopyArchiveFromContainerCmd$Exec
instanceKlass com/github/dockerjava/api/command/InspectSwarmNodeCmd$Exec
instanceKlass com/github/dockerjava/core/AbstractDockerCmdExecFactory
instanceKlass com/github/dockerjava/core/DockerClientConfigAware
instanceKlass com/github/dockerjava/api/command/PushImageCmd
instanceKlass com/github/dockerjava/api/command/BuildImageCmd
instanceKlass com/github/dockerjava/api/command/RemoveContainerCmd
instanceKlass com/github/dockerjava/api/command/CreateContainerCmd
instanceKlass com/github/dockerjava/api/command/CopyArchiveFromContainerCmd
instanceKlass com/github/dockerjava/api/command/DockerCmdExecFactory
instanceKlass com/github/dockerjava/api/command/DisconnectFromNetworkCmd
instanceKlass com/github/dockerjava/api/command/ConnectToNetworkCmd
instanceKlass com/github/dockerjava/api/command/UnpauseContainerCmd
instanceKlass com/github/dockerjava/api/command/RestartContainerCmd
instanceKlass com/github/dockerjava/api/command/InspectContainerCmd
instanceKlass com/github/dockerjava/api/command/CopyArchiveToContainerCmd
instanceKlass com/github/dockerjava/api/command/CopyFileFromContainerCmd
instanceKlass com/github/dockerjava/api/command/RemoveConfigCmd
instanceKlass com/github/dockerjava/api/command/InspectConfigCmd
instanceKlass com/github/dockerjava/api/command/ListConfigsCmd
instanceKlass com/github/dockerjava/api/command/CreateConfigCmd
instanceKlass com/github/dockerjava/api/command/RemoveSecretCmd
instanceKlass com/github/dockerjava/api/command/InspectServiceCmd
instanceKlass com/github/dockerjava/api/command/ListSwarmNodesCmd
instanceKlass com/github/dockerjava/api/command/CreateSecretCmd
instanceKlass com/github/dockerjava/api/command/RemoveSwarmNodeCmd
instanceKlass com/github/dockerjava/api/command/UpdateSwarmNodeCmd
instanceKlass com/github/dockerjava/api/command/ListSecretsCmd
instanceKlass com/github/dockerjava/api/command/PruneCmd
instanceKlass com/github/dockerjava/api/command/CreateServiceCmd
instanceKlass com/github/dockerjava/api/command/ListTasksCmd
instanceKlass com/github/dockerjava/api/command/LogSwarmObjectCmd
instanceKlass com/github/dockerjava/api/command/DockerCmdAsyncExec
instanceKlass com/github/dockerjava/api/command/RemoveServiceCmd
instanceKlass com/github/dockerjava/api/command/LeaveSwarmCmd
instanceKlass com/github/dockerjava/api/command/ListServicesCmd
instanceKlass com/github/dockerjava/api/command/InspectSwarmCmd
instanceKlass com/github/dockerjava/api/command/UpdateServiceCmd
instanceKlass com/github/dockerjava/api/command/UpdateSwarmCmd
instanceKlass com/github/dockerjava/api/command/RemoveNetworkCmd
instanceKlass com/github/dockerjava/api/command/JoinSwarmCmd
instanceKlass com/github/dockerjava/api/command/InitializeSwarmCmd
instanceKlass com/github/dockerjava/api/command/ResizeContainerCmd
instanceKlass com/github/dockerjava/api/command/RemoveVolumeCmd
instanceKlass com/github/dockerjava/api/command/CreateVolumeCmd
instanceKlass com/github/dockerjava/api/command/ContainerDiffCmd
instanceKlass com/github/dockerjava/api/command/StatsCmd
instanceKlass com/github/dockerjava/api/command/CreateNetworkCmd
instanceKlass com/github/dockerjava/api/command/CommitCmd
instanceKlass com/github/dockerjava/api/command/InspectNetworkCmd
instanceKlass com/github/dockerjava/api/command/DockerCmdSyncExec
instanceKlass com/github/dockerjava/api/command/ListNetworksCmd
instanceKlass com/github/dockerjava/api/command/ListVolumesCmd
instanceKlass com/github/dockerjava/api/command/InspectVolumeCmd
instanceKlass com/github/dockerjava/api/command/TagImageCmd
instanceKlass com/github/dockerjava/api/command/UpdateContainerCmd
instanceKlass com/github/dockerjava/api/command/KillContainerCmd
instanceKlass com/github/dockerjava/api/command/EventsCmd
instanceKlass com/github/dockerjava/api/command/PauseContainerCmd
instanceKlass com/github/dockerjava/api/command/RenameContainerCmd
instanceKlass com/github/dockerjava/api/command/TopContainerCmd
instanceKlass com/github/dockerjava/api/command/StopContainerCmd
instanceKlass com/github/dockerjava/api/command/WaitContainerCmd
instanceKlass com/github/dockerjava/api/command/ExecCreateCmd
instanceKlass com/github/dockerjava/api/command/AttachContainerCmd
instanceKlass com/github/dockerjava/api/command/CreateImageCmd
instanceKlass com/github/dockerjava/api/command/ExecStartCmd
instanceKlass com/github/dockerjava/api/command/ListImagesCmd
instanceKlass com/github/dockerjava/api/command/RemoveImageCmd
instanceKlass com/github/dockerjava/api/command/InspectImageCmd
instanceKlass com/github/dockerjava/api/command/SaveImagesCmd
instanceKlass com/github/dockerjava/api/command/LogContainerCmd
instanceKlass com/github/dockerjava/api/command/SearchImagesCmd
instanceKlass com/github/dockerjava/api/command/StartContainerCmd
instanceKlass com/github/dockerjava/api/command/InspectExecCmd
instanceKlass com/github/dockerjava/api/command/LoadImageCmd
instanceKlass com/github/dockerjava/api/command/PullImageCmd
instanceKlass com/github/dockerjava/api/command/LoadImageAsyncCmd
instanceKlass com/github/dockerjava/api/command/AsyncDockerCmd
instanceKlass com/github/dockerjava/api/command/ResizeExecCmd
instanceKlass com/github/dockerjava/api/command/ListContainersCmd
instanceKlass com/github/dockerjava/api/command/SaveImageCmd
instanceKlass com/github/dockerjava/api/command/AuthCmd
instanceKlass com/github/dockerjava/api/command/VersionCmd
instanceKlass com/github/dockerjava/api/command/PingCmd
instanceKlass com/github/dockerjava/api/command/InfoCmd
instanceKlass com/github/dockerjava/api/command/SyncDockerCmd
instanceKlass com/github/dockerjava/api/command/DockerCmd
instanceKlass com/github/dockerjava/core/DockerClientImpl
instanceKlass com/bmuschko/gradle/docker/shaded/org/apache/hc/client5/http/classic/ExecRuntime
instanceKlass com/bmuschko/gradle/docker/shaded/org/apache/hc/client5/http/impl/auth/BasicCredentialsProvider
instanceKlass com/bmuschko/gradle/docker/shaded/org/apache/hc/client5/http/auth/CredentialsStore
instanceKlass com/bmuschko/gradle/docker/shaded/org/apache/hc/client5/http/cookie/CookieIdentityComparator
instanceKlass com/bmuschko/gradle/docker/shaded/org/apache/hc/client5/http/cookie/BasicCookieStore
instanceKlass com/bmuschko/gradle/docker/shaded/org/apache/hc/client5/http/impl/cookie/IgnoreCookieSpecFactory
instanceKlass com/bmuschko/gradle/docker/shaded/org/apache/hc/client5/http/cookie/CookieSpec
instanceKlass com/bmuschko/gradle/docker/shaded/org/apache/hc/client5/http/cookie/CommonCookieAttributeHandler
instanceKlass com/bmuschko/gradle/docker/shaded/org/apache/hc/client5/http/cookie/CookieAttributeHandler
instanceKlass com/bmuschko/gradle/docker/shaded/org/apache/hc/client5/http/impl/cookie/RFC6265CookieSpecFactory
instanceKlass com/bmuschko/gradle/docker/shaded/org/apache/hc/client5/http/cookie/CookieSpecFactory
instanceKlass com/bmuschko/gradle/docker/shaded/org/apache/hc/client5/http/psl/PublicSuffixMatcher
instanceKlass com/bmuschko/gradle/docker/shaded/org/apache/hc/client5/http/psl/PublicSuffixList
instanceKlass com/bmuschko/gradle/docker/shaded/org/apache/hc/client5/http/psl/PublicSuffixListParser
instanceKlass com/bmuschko/gradle/docker/shaded/org/apache/hc/client5/http/psl/PublicSuffixMatcherLoader
instanceKlass com/bmuschko/gradle/docker/shaded/org/apache/hc/client5/http/impl/CookieSpecSupport
instanceKlass com/bmuschko/gradle/docker/shaded/org/apache/hc/client5/http/impl/auth/KerberosSchemeFactory
instanceKlass com/bmuschko/gradle/docker/shaded/org/apache/hc/client5/http/auth/KerberosConfig$Builder
instanceKlass com/bmuschko/gradle/docker/shaded/org/apache/hc/client5/http/auth/KerberosConfig
instanceKlass com/bmuschko/gradle/docker/shaded/org/apache/hc/client5/http/impl/auth/SPNegoSchemeFactory
instanceKlass com/bmuschko/gradle/docker/shaded/org/apache/hc/client5/http/impl/auth/NTLMSchemeFactory
instanceKlass com/bmuschko/gradle/docker/shaded/org/apache/hc/client5/http/impl/auth/DigestSchemeFactory
instanceKlass com/bmuschko/gradle/docker/shaded/org/apache/hc/client5/http/auth/AuthScheme
instanceKlass com/bmuschko/gradle/docker/shaded/org/apache/hc/client5/http/impl/auth/BasicSchemeFactory
instanceKlass com/bmuschko/gradle/docker/shaded/org/apache/hc/client5/http/auth/AuthSchemeFactory
instanceKlass com/bmuschko/gradle/docker/shaded/org/apache/hc/client5/http/classic/ExecChain
instanceKlass com/bmuschko/gradle/docker/shaded/org/apache/hc/client5/http/impl/classic/ExecChainElement
instanceKlass com/bmuschko/gradle/docker/shaded/org/apache/hc/client5/http/impl/classic/RedirectExec
instanceKlass com/bmuschko/gradle/docker/shaded/org/apache/hc/client5/http/impl/DefaultRedirectStrategy
instanceKlass com/bmuschko/gradle/docker/shaded/org/apache/hc/client5/http/entity/DeflateInputStreamFactory
instanceKlass com/bmuschko/gradle/docker/shaded/org/apache/hc/client5/http/entity/GZIPInputStreamFactory
instanceKlass com/bmuschko/gradle/docker/shaded/org/apache/hc/client5/http/entity/InputStreamFactory
instanceKlass com/bmuschko/gradle/docker/shaded/org/apache/hc/core5/http/message/BufferedHeader
instanceKlass com/bmuschko/gradle/docker/shaded/org/apache/hc/core5/http/FormattedHeader
instanceKlass com/bmuschko/gradle/docker/shaded/org/apache/hc/core5/util/CharArrayBuffer
instanceKlass com/bmuschko/gradle/docker/shaded/org/apache/hc/core5/http/message/MessageSupport
instanceKlass com/bmuschko/gradle/docker/shaded/org/apache/hc/client5/http/impl/classic/ContentCompressionExec
instanceKlass com/bmuschko/gradle/docker/shaded/org/apache/hc/client5/http/impl/routing/DefaultRoutePlanner
instanceKlass com/bmuschko/gradle/docker/shaded/org/apache/hc/client5/http/impl/classic/HttpRequestRetryExec
instanceKlass com/bmuschko/gradle/docker/shaded/org/apache/hc/client5/http/impl/DefaultHttpRequestRetryStrategy
instanceKlass com/bmuschko/gradle/docker/shaded/org/apache/hc/client5/http/impl/classic/ProtocolExec
instanceKlass com/bmuschko/gradle/docker/shaded/org/apache/hc/client5/http/protocol/ResponseProcessCookies
instanceKlass com/bmuschko/gradle/docker/shaded/org/apache/hc/client5/http/protocol/RequestAuthCache
instanceKlass com/bmuschko/gradle/docker/shaded/org/apache/hc/client5/http/protocol/RequestAddCookies
instanceKlass com/bmuschko/gradle/docker/shaded/org/apache/hc/core5/http/protocol/ChainBuilder
instanceKlass com/bmuschko/gradle/docker/shaded/org/apache/hc/client5/http/protocol/RequestExpectContinue
instanceKlass com/bmuschko/gradle/docker/shaded/org/apache/hc/client5/http/protocol/RequestClientConnControl
instanceKlass com/bmuschko/gradle/docker/shaded/org/apache/hc/core5/http/protocol/RequestContent
instanceKlass com/bmuschko/gradle/docker/shaded/org/apache/hc/client5/http/protocol/RequestDefaultHeaders
instanceKlass com/bmuschko/gradle/docker/shaded/org/apache/hc/core5/http/protocol/HttpProcessorBuilder
instanceKlass com/bmuschko/gradle/docker/shaded/org/apache/hc/client5/http/impl/routing/BasicRouteDirector
instanceKlass com/bmuschko/gradle/docker/shaded/org/apache/hc/client5/http/impl/auth/AuthChallengeParser
instanceKlass com/bmuschko/gradle/docker/shaded/org/apache/hc/client5/http/auth/AuthCache
instanceKlass com/bmuschko/gradle/docker/shaded/org/apache/hc/client5/http/impl/auth/HttpAuthenticator
instanceKlass com/bmuschko/gradle/docker/shaded/org/apache/hc/core5/http/protocol/RequestUserAgent
instanceKlass com/bmuschko/gradle/docker/shaded/org/apache/hc/core5/http/protocol/RequestTargetHost
instanceKlass com/bmuschko/gradle/docker/shaded/org/apache/hc/core5/http/protocol/DefaultHttpProcessor
instanceKlass com/bmuschko/gradle/docker/shaded/org/apache/hc/client5/http/RouteInfo
instanceKlass com/bmuschko/gradle/docker/shaded/org/apache/hc/client5/http/routing/HttpRouteDirector
instanceKlass com/bmuschko/gradle/docker/shaded/org/apache/hc/client5/http/impl/classic/ConnectExec
instanceKlass com/bmuschko/gradle/docker/shaded/org/apache/hc/client5/http/impl/classic/MainClientExec
instanceKlass com/bmuschko/gradle/docker/shaded/org/apache/hc/client5/http/classic/ExecChainHandler
instanceKlass com/bmuschko/gradle/docker/shaded/org/apache/hc/core5/http/config/NamedElementChain$Node
instanceKlass com/bmuschko/gradle/docker/shaded/org/apache/hc/core5/http/config/NamedElementChain
instanceKlass com/bmuschko/gradle/docker/shaded/org/apache/hc/core5/util/VersionInfo
instanceKlass com/bmuschko/gradle/docker/shaded/org/apache/hc/client5/http/impl/NoopUserTokenHandler
instanceKlass com/bmuschko/gradle/docker/shaded/org/apache/hc/client5/http/impl/DefaultAuthenticationStrategy
instanceKlass com/bmuschko/gradle/docker/shaded/org/apache/hc/client5/http/impl/DefaultConnectionKeepAliveStrategy
instanceKlass com/bmuschko/gradle/docker/shaded/org/apache/hc/core5/http/impl/DefaultConnectionReuseStrategy
instanceKlass com/bmuschko/gradle/docker/shaded/org/apache/hc/client5/http/config/Configurable
instanceKlass com/bmuschko/gradle/docker/shaded/org/apache/hc/client5/http/impl/classic/CloseableHttpClient
instanceKlass com/bmuschko/gradle/docker/shaded/org/apache/hc/client5/http/classic/HttpClient
instanceKlass com/bmuschko/gradle/docker/shaded/org/apache/hc/client5/http/auth/CredentialsProvider
instanceKlass com/bmuschko/gradle/docker/shaded/org/apache/hc/client5/http/cookie/CookieStore
instanceKlass com/bmuschko/gradle/docker/shaded/org/apache/hc/client5/http/protocol/RedirectStrategy
instanceKlass com/bmuschko/gradle/docker/shaded/org/apache/hc/client5/http/routing/HttpRoutePlanner
instanceKlass com/bmuschko/gradle/docker/shaded/org/apache/hc/client5/http/HttpRequestRetryStrategy
instanceKlass com/bmuschko/gradle/docker/shaded/org/apache/hc/core5/http/protocol/HttpProcessor
instanceKlass com/bmuschko/gradle/docker/shaded/org/apache/hc/core5/http/HttpResponseInterceptor
instanceKlass com/bmuschko/gradle/docker/shaded/org/apache/hc/core5/http/HttpRequestInterceptor
instanceKlass com/bmuschko/gradle/docker/shaded/org/apache/hc/client5/http/UserTokenHandler
instanceKlass com/bmuschko/gradle/docker/shaded/org/apache/hc/client5/http/AuthenticationStrategy
instanceKlass com/bmuschko/gradle/docker/shaded/org/apache/hc/client5/http/ConnectionKeepAliveStrategy
instanceKlass com/bmuschko/gradle/docker/shaded/org/apache/hc/core5/http/ConnectionReuseStrategy
instanceKlass com/bmuschko/gradle/docker/shaded/org/apache/hc/client5/http/impl/classic/HttpClientBuilder
instanceKlass com/bmuschko/gradle/docker/shaded/org/apache/hc/client5/http/impl/classic/HttpClients
instanceKlass com/bmuschko/gradle/docker/shaded/org/apache/hc/client5/http/config/RequestConfig$Builder
instanceKlass com/bmuschko/gradle/docker/shaded/org/apache/hc/client5/http/config/RequestConfig
instanceKlass com/bmuschko/gradle/docker/shaded/org/apache/hc/core5/http/io/SocketConfig$Builder
instanceKlass com/bmuschko/gradle/docker/shaded/org/apache/hc/core5/http/io/SocketConfig
instanceKlass com/bmuschko/gradle/docker/shaded/org/apache/hc/core5/function/Callback
instanceKlass com/bmuschko/gradle/docker/shaded/org/apache/hc/core5/pool/StrictConnPool
instanceKlass com/bmuschko/gradle/docker/shaded/org/apache/hc/client5/http/impl/io/PoolingHttpClientConnectionManager$2
instanceKlass com/bmuschko/gradle/docker/shaded/org/apache/hc/client5/http/SystemDefaultDnsResolver
instanceKlass com/bmuschko/gradle/docker/shaded/org/apache/hc/client5/http/impl/DefaultSchemePortResolver
instanceKlass com/bmuschko/gradle/docker/shaded/org/apache/hc/client5/http/DnsResolver
instanceKlass com/bmuschko/gradle/docker/shaded/org/apache/hc/client5/http/SchemePortResolver
instanceKlass com/bmuschko/gradle/docker/shaded/org/apache/hc/client5/http/impl/io/DefaultHttpClientConnectionOperator
instanceKlass com/bmuschko/gradle/docker/shaded/org/apache/hc/core5/http/impl/DefaultContentLengthStrategy
instanceKlass com/bmuschko/gradle/docker/shaded/org/apache/hc/core5/http/impl/EnglishReasonPhraseCatalog
instanceKlass com/bmuschko/gradle/docker/shaded/org/apache/hc/core5/http/ClassicHttpResponse
instanceKlass com/bmuschko/gradle/docker/shaded/org/apache/hc/core5/http/HttpResponse
instanceKlass com/bmuschko/gradle/docker/shaded/org/apache/hc/core5/http/ReasonPhraseCatalog
instanceKlass com/bmuschko/gradle/docker/shaded/org/apache/hc/core5/http/impl/io/DefaultClassicHttpResponseFactory
instanceKlass com/bmuschko/gradle/docker/shaded/org/apache/hc/core5/http/message/TokenParser
instanceKlass com/bmuschko/gradle/docker/shaded/org/apache/hc/core5/http/ProtocolVersion
instanceKlass com/bmuschko/gradle/docker/shaded/org/apache/hc/core5/http/Header
instanceKlass com/bmuschko/gradle/docker/shaded/org/apache/hc/core5/http/NameValuePair
instanceKlass com/bmuschko/gradle/docker/shaded/org/apache/hc/core5/http/message/BasicLineParser
instanceKlass com/bmuschko/gradle/docker/shaded/org/apache/hc/core5/http/io/HttpMessageParser
instanceKlass com/bmuschko/gradle/docker/shaded/org/apache/hc/core5/http/HttpResponseFactory
instanceKlass com/bmuschko/gradle/docker/shaded/org/apache/hc/core5/http/message/LineParser
instanceKlass com/bmuschko/gradle/docker/shaded/org/apache/hc/client5/http/impl/io/DefaultHttpResponseParserFactory
instanceKlass com/bmuschko/gradle/docker/shaded/org/apache/hc/core5/http/message/BasicLineFormatter
instanceKlass com/bmuschko/gradle/docker/shaded/org/apache/hc/core5/http/io/HttpMessageWriter
instanceKlass com/bmuschko/gradle/docker/shaded/org/apache/hc/core5/http/message/LineFormatter
instanceKlass com/bmuschko/gradle/docker/shaded/org/apache/hc/core5/http/impl/io/DefaultHttpRequestWriterFactory
instanceKlass com/bmuschko/gradle/docker/shaded/org/apache/hc/core5/http/config/CharCodingConfig$Builder
instanceKlass com/bmuschko/gradle/docker/shaded/org/apache/hc/core5/http/config/CharCodingConfig
instanceKlass com/bmuschko/gradle/docker/shaded/org/apache/hc/core5/util/TimeValue
instanceKlass com/bmuschko/gradle/docker/shaded/org/apache/hc/core5/http/config/Http1Config$Builder
instanceKlass com/bmuschko/gradle/docker/shaded/org/apache/hc/core5/http/config/Http1Config
instanceKlass com/bmuschko/gradle/docker/shaded/org/apache/hc/client5/http/io/ManagedHttpClientConnection
instanceKlass com/bmuschko/gradle/docker/shaded/org/apache/hc/core5/http/io/HttpClientConnection
instanceKlass com/bmuschko/gradle/docker/shaded/org/apache/hc/core5/http/io/BHttpConnection
instanceKlass com/bmuschko/gradle/docker/shaded/org/apache/hc/core5/http/HttpConnection
instanceKlass com/bmuschko/gradle/docker/shaded/org/apache/hc/core5/http/SocketModalCloseable
instanceKlass com/bmuschko/gradle/docker/shaded/org/apache/hc/core5/http/ContentLengthStrategy
instanceKlass com/bmuschko/gradle/docker/shaded/org/apache/hc/core5/http/io/HttpMessageParserFactory
instanceKlass com/bmuschko/gradle/docker/shaded/org/apache/hc/core5/http/io/HttpMessageWriterFactory
instanceKlass com/bmuschko/gradle/docker/shaded/org/apache/hc/client5/http/impl/io/ManagedHttpClientConnectionFactory
instanceKlass com/bmuschko/gradle/docker/shaded/org/apache/hc/client5/http/io/LeaseRequest
instanceKlass com/bmuschko/gradle/docker/shaded/org/apache/hc/core5/concurrent/Cancellable
instanceKlass com/bmuschko/gradle/docker/shaded/org/apache/hc/core5/pool/ManagedConnPool
instanceKlass com/bmuschko/gradle/docker/shaded/org/apache/hc/core5/pool/ConnPool
instanceKlass com/bmuschko/gradle/docker/shaded/org/apache/hc/client5/http/io/HttpClientConnectionOperator
instanceKlass com/bmuschko/gradle/docker/shaded/org/apache/hc/client5/http/impl/io/PoolingHttpClientConnectionManager
instanceKlass com/bmuschko/gradle/docker/shaded/org/apache/hc/core5/pool/ConnPoolControl
instanceKlass com/bmuschko/gradle/docker/shaded/org/apache/hc/core5/pool/ConnPoolStats
instanceKlass com/bmuschko/gradle/docker/shaded/org/apache/hc/core5/net/Ports
instanceKlass com/bmuschko/gradle/docker/shaded/org/apache/hc/core5/http/HttpHost
instanceKlass com/bmuschko/gradle/docker/shaded/org/apache/hc/core5/net/NamedEndpoint
instanceKlass com/bmuschko/gradle/docker/shaded/org/apache/hc/core5/http/config/Registry
instanceKlass com/bmuschko/gradle/docker/shaded/org/apache/hc/core5/http/config/Lookup
instanceKlass com/bmuschko/gradle/docker/shaded/org/apache/hc/core5/util/TextUtils
instanceKlass com/bmuschko/gradle/docker/shaded/org/apache/hc/core5/util/Args
instanceKlass com/bmuschko/gradle/docker/shaded/org/apache/hc/client5/http/socket/PlainConnectionSocketFactory
instanceKlass com/bmuschko/gradle/docker/shaded/org/apache/hc/client5/http/socket/ConnectionSocketFactory
instanceKlass com/bmuschko/gradle/docker/shaded/org/apache/hc/core5/http/config/RegistryBuilder
instanceKlass com/github/dockerjava/transport/DockerHttpClient$Response
instanceKlass com/bmuschko/gradle/docker/shaded/org/apache/hc/core5/http/ClassicHttpRequest
instanceKlass com/bmuschko/gradle/docker/shaded/org/apache/hc/core5/http/HttpEntityContainer
instanceKlass com/bmuschko/gradle/docker/shaded/org/apache/hc/core5/http/HttpRequest
instanceKlass com/bmuschko/gradle/docker/shaded/org/apache/hc/core5/http/HttpMessage
instanceKlass com/bmuschko/gradle/docker/shaded/org/apache/hc/core5/http/MessageHeaders
instanceKlass com/bmuschko/gradle/docker/shaded/org/apache/hc/core5/http/HttpEntity
instanceKlass com/bmuschko/gradle/docker/shaded/org/apache/hc/core5/http/EntityDetails
instanceKlass com/bmuschko/gradle/docker/shaded/org/apache/hc/core5/http/protocol/HttpContext
instanceKlass com/bmuschko/gradle/docker/shaded/org/apache/hc/client5/http/io/HttpClientConnectionManager
instanceKlass com/bmuschko/gradle/docker/shaded/org/apache/hc/core5/io/ModalCloseable
instanceKlass com/bmuschko/gradle/docker/shaded/org/apache/hc/core5/http/impl/io/HttpRequestExecutor
instanceKlass com/bmuschko/gradle/docker/shaded/org/apache/hc/core5/http/io/HttpConnectionFactory
instanceKlass com/github/dockerjava/httpclient5/ApacheDockerHttpClientImpl
instanceKlass com/github/dockerjava/httpclient5/ApacheDockerHttpClient$Builder
instanceKlass com/bmuschko/gradle/docker/shaded/com/google/common/base/Objects
instanceKlass com/bmuschko/gradle/docker/shaded/org/apache/commons/lang3/builder/HashCodeExclude
instanceKlass com/bmuschko/gradle/docker/shaded/org/apache/commons/lang3/ArrayUtils
instanceKlass com/bmuschko/gradle/docker/shaded/org/apache/commons/lang3/ArraySorter
instanceKlass com/bmuschko/gradle/docker/shaded/org/apache/commons/lang3/builder/IDKey
instanceKlass com/bmuschko/gradle/docker/shaded/org/apache/commons/lang3/Validate
instanceKlass com/bmuschko/gradle/docker/shaded/org/apache/commons/lang3/builder/HashCodeBuilder
instanceKlass com/bmuschko/gradle/docker/shaded/org/apache/commons/lang3/builder/Builder
instanceKlass com/bmuschko/gradle/docker/shaded/com/google/common/base/Strings
instanceKlass com/github/dockerjava/core/RemoteApiVersion
instanceKlass com/bmuschko/gradle/docker/shaded/org/apache/commons/lang3/BooleanUtils
instanceKlass com/bmuschko/gradle/docker/shaded/com/fasterxml/jackson/databind/deser/std/NumberDeserializers
instanceKlass com/github/dockerjava/core/DockerContextMetaFile$Endpoints$Docker
instanceKlass com/github/dockerjava/core/DockerContextMetaFile$Endpoints
instanceKlass com/bmuschko/gradle/docker/shaded/com/google/common/hash/HashCode
instanceKlass com/bmuschko/gradle/docker/shaded/com/google/common/hash/AbstractHasher
instanceKlass com/bmuschko/gradle/docker/shaded/com/google/common/base/Preconditions
instanceKlass com/bmuschko/gradle/docker/shaded/com/google/common/hash/Hasher
instanceKlass com/bmuschko/gradle/docker/shaded/com/google/common/hash/PrimitiveSink
instanceKlass com/bmuschko/gradle/docker/shaded/com/google/common/hash/AbstractStreamingHashFunction
instanceKlass com/bmuschko/gradle/docker/shaded/com/google/common/hash/Hashing$Sha256Holder
instanceKlass com/bmuschko/gradle/docker/shaded/com/google/common/hash/HashFunction
instanceKlass com/bmuschko/gradle/docker/shaded/com/google/common/base/Supplier
instanceKlass com/bmuschko/gradle/docker/shaded/com/google/common/hash/Hashing
instanceKlass com/github/dockerjava/core/DockerContextMetaFile
instanceKlass com/bmuschko/gradle/docker/shaded/com/fasterxml/jackson/databind/annotation/JacksonStdImpl
instanceKlass com/bmuschko/gradle/docker/shaded/com/fasterxml/jackson/databind/deser/ContextualKeyDeserializer
instanceKlass com/bmuschko/gradle/docker/shaded/com/fasterxml/jackson/databind/util/LinkedNode
instanceKlass com/bmuschko/gradle/docker/shaded/com/fasterxml/jackson/databind/deser/BasicDeserializerFactory$ContainerDefaultMappings
instanceKlass com/bmuschko/gradle/docker/shaded/com/fasterxml/jackson/databind/deser/impl/ReadableObjectId$Referring
instanceKlass com/bmuschko/gradle/docker/shaded/com/fasterxml/jackson/databind/deser/impl/BeanPropertyMap
instanceKlass com/bmuschko/gradle/docker/shaded/com/fasterxml/jackson/annotation/JsonAlias
instanceKlass com/bmuschko/gradle/docker/shaded/com/fasterxml/jackson/databind/introspect/POJOPropertyBuilder$1
instanceKlass com/bmuschko/gradle/docker/shaded/com/fasterxml/jackson/databind/introspect/POJOPropertyBuilder$8
instanceKlass com/bmuschko/gradle/docker/shaded/com/fasterxml/jackson/databind/introspect/POJOPropertyBuilder$2
instanceKlass com/bmuschko/gradle/docker/shaded/com/fasterxml/jackson/databind/deser/impl/NullsConstantProvider
instanceKlass com/bmuschko/gradle/docker/shaded/com/fasterxml/jackson/databind/PropertyMetadata
instanceKlass com/bmuschko/gradle/docker/shaded/com/fasterxml/jackson/databind/introspect/POJOPropertyBuilder$7
instanceKlass com/bmuschko/gradle/docker/shaded/com/fasterxml/jackson/databind/introspect/POJOPropertyBuilder$6
instanceKlass com/bmuschko/gradle/docker/shaded/com/fasterxml/jackson/annotation/JsonPropertyDescription
instanceKlass com/bmuschko/gradle/docker/shaded/com/fasterxml/jackson/databind/introspect/POJOPropertyBuilder$5
instanceKlass com/bmuschko/gradle/docker/shaded/com/fasterxml/jackson/databind/introspect/POJOPropertyBuilder$4
instanceKlass com/bmuschko/gradle/docker/shaded/com/fasterxml/jackson/databind/annotation/JsonTypeResolver
instanceKlass com/bmuschko/gradle/docker/shaded/com/fasterxml/jackson/annotation/JsonIgnoreType
instanceKlass com/bmuschko/gradle/docker/shaded/com/fasterxml/jackson/annotation/JsonIgnoreProperties$Value
instanceKlass com/bmuschko/gradle/docker/shaded/com/fasterxml/jackson/annotation/JsonIgnoreProperties
instanceKlass com/bmuschko/gradle/docker/shaded/com/fasterxml/jackson/databind/deser/BeanDeserializerBuilder
instanceKlass com/bmuschko/gradle/docker/shaded/com/fasterxml/jackson/databind/deser/impl/CreatorCandidate$Param
instanceKlass com/bmuschko/gradle/docker/shaded/com/fasterxml/jackson/databind/deser/impl/CreatorCandidate
instanceKlass com/bmuschko/gradle/docker/shaded/com/fasterxml/jackson/annotation/JsonCreator
instanceKlass com/bmuschko/gradle/docker/shaded/com/fasterxml/jackson/annotation/JsonPropertyOrder
instanceKlass com/bmuschko/gradle/docker/shaded/com/fasterxml/jackson/databind/annotation/JsonNaming
instanceKlass com/bmuschko/gradle/docker/shaded/com/fasterxml/jackson/databind/introspect/POJOPropertyBuilder$10
instanceKlass com/bmuschko/gradle/docker/shaded/com/fasterxml/jackson/databind/introspect/POJOPropertyBuilder$9
instanceKlass com/bmuschko/gradle/docker/shaded/com/fasterxml/jackson/annotation/JacksonInject
instanceKlass com/bmuschko/gradle/docker/shaded/com/fasterxml/jackson/databind/type/TypeBindings$AsKey
instanceKlass com/bmuschko/gradle/docker/shaded/com/fasterxml/jackson/databind/type/TypeBindings$TypeParamStash
instanceKlass com/bmuschko/gradle/docker/shaded/com/fasterxml/jackson/annotation/JsonAutoDetect$1
instanceKlass com/bmuschko/gradle/docker/shaded/com/fasterxml/jackson/annotation/JsonGetter
instanceKlass com/bmuschko/gradle/docker/shaded/com/fasterxml/jackson/annotation/JsonAnyGetter
instanceKlass com/bmuschko/gradle/docker/shaded/com/fasterxml/jackson/databind/util/BeanUtil
instanceKlass com/bmuschko/gradle/docker/shaded/com/fasterxml/jackson/databind/introspect/AnnotatedMethodMap
instanceKlass com/bmuschko/gradle/docker/shaded/com/fasterxml/jackson/databind/introspect/AnnotatedMethodCollector$MethodBuilder
instanceKlass com/bmuschko/gradle/docker/shaded/com/fasterxml/jackson/databind/introspect/MemberKey
instanceKlass com/bmuschko/gradle/docker/shaded/com/fasterxml/jackson/databind/introspect/POJOPropertyBuilder$Linked
instanceKlass com/bmuschko/gradle/docker/shaded/com/fasterxml/jackson/databind/AnnotationIntrospector$ReferenceProperty
instanceKlass com/bmuschko/gradle/docker/shaded/com/fasterxml/jackson/databind/introspect/POJOPropertyBuilder$WithMember
instanceKlass com/bmuschko/gradle/docker/shaded/com/fasterxml/jackson/annotation/JsonIgnore
instanceKlass com/bmuschko/gradle/docker/shaded/com/fasterxml/jackson/annotation/JsonSetter
instanceKlass com/bmuschko/gradle/docker/shaded/com/fasterxml/jackson/annotation/JsonAnySetter
instanceKlass com/bmuschko/gradle/docker/shaded/com/fasterxml/jackson/annotation/JsonValue
instanceKlass com/bmuschko/gradle/docker/shaded/com/fasterxml/jackson/annotation/JacksonAnnotationsInside
instanceKlass com/bmuschko/gradle/docker/shaded/com/fasterxml/jackson/annotation/JacksonAnnotation
instanceKlass com/bmuschko/gradle/docker/shaded/com/fasterxml/jackson/annotation/JsonProperty
instanceKlass com/bmuschko/gradle/docker/shaded/com/fasterxml/jackson/databind/introspect/AnnotatedFieldCollector$FieldBuilder
instanceKlass com/bmuschko/gradle/docker/shaded/com/fasterxml/jackson/databind/introspect/TypeResolutionContext$Basic
instanceKlass com/bmuschko/gradle/docker/shaded/com/fasterxml/jackson/databind/introspect/AnnotationMap
instanceKlass com/bmuschko/gradle/docker/shaded/com/fasterxml/jackson/databind/introspect/CollectorBase
instanceKlass com/bmuschko/gradle/docker/shaded/com/fasterxml/jackson/databind/deser/impl/CreatorCollector
instanceKlass com/bmuschko/gradle/docker/shaded/com/fasterxml/jackson/core/JsonLocation
instanceKlass com/bmuschko/gradle/docker/shaded/com/fasterxml/jackson/databind/deser/ValueInstantiator
instanceKlass com/bmuschko/gradle/docker/shaded/com/fasterxml/jackson/databind/deser/impl/JDKValueInstantiators
instanceKlass com/bmuschko/gradle/docker/shaded/com/fasterxml/jackson/databind/annotation/JsonValueInstantiator
instanceKlass com/bmuschko/gradle/docker/shaded/com/fasterxml/jackson/databind/jsontype/impl/SubTypeValidator
instanceKlass com/bmuschko/gradle/docker/shaded/com/fasterxml/jackson/databind/deser/std/JdkDeserializers
instanceKlass com/bmuschko/gradle/docker/shaded/com/fasterxml/jackson/databind/ext/Java7Handlers
instanceKlass com/bmuschko/gradle/docker/shaded/com/fasterxml/jackson/databind/ext/OptionalHandlerFactory
instanceKlass com/bmuschko/gradle/docker/shaded/com/fasterxml/jackson/databind/util/ArrayIterator
instanceKlass com/bmuschko/gradle/docker/shaded/com/fasterxml/jackson/annotation/JsonIdentityInfo
instanceKlass com/bmuschko/gradle/docker/shaded/com/fasterxml/jackson/annotation/JsonAutoDetect
instanceKlass com/bmuschko/gradle/docker/shaded/com/fasterxml/jackson/databind/introspect/POJOPropertiesCollector
instanceKlass com/bmuschko/gradle/docker/shaded/com/fasterxml/jackson/databind/type/ClassStack
instanceKlass com/bmuschko/gradle/docker/shaded/com/fasterxml/jackson/core/util/TextBuffer
instanceKlass com/bmuschko/gradle/docker/shaded/com/fasterxml/jackson/core/JsonStreamContext
instanceKlass com/bmuschko/gradle/docker/shaded/com/fasterxml/jackson/core/json/ByteSourceJsonBootstrapper
instanceKlass org/gradle/internal/classpath/declarations/FileInputStreamInterceptorsDeclaration
instanceKlass com/bmuschko/gradle/docker/shaded/com/fasterxml/jackson/core/util/BufferRecycler
instanceKlass com/bmuschko/gradle/docker/shaded/com/fasterxml/jackson/core/util/BufferRecyclers
instanceKlass com/bmuschko/gradle/docker/shaded/com/fasterxml/jackson/core/io/IOContext
instanceKlass com/github/dockerjava/api/model/DockerObject
instanceKlass com/bmuschko/gradle/docker/shaded/com/fasterxml/jackson/core/type/TypeReference
instanceKlass com/github/dockerjava/core/DockerConfigFile
instanceKlass com/bmuschko/gradle/docker/shaded/com/fasterxml/jackson/databind/util/ArrayBuilders
instanceKlass com/bmuschko/gradle/docker/shaded/com/fasterxml/jackson/databind/ObjectMapper$1
instanceKlass com/bmuschko/gradle/docker/shaded/com/fasterxml/jackson/core/Version
instanceKlass com/bmuschko/gradle/docker/shaded/com/fasterxml/jackson/databind/ser/BeanSerializerModifier
instanceKlass com/bmuschko/gradle/docker/shaded/com/fasterxml/jackson/databind/ser/Serializers
instanceKlass com/bmuschko/gradle/docker/shaded/com/fasterxml/jackson/databind/cfg/SerializerFactoryConfig
instanceKlass com/bmuschko/gradle/docker/shaded/com/fasterxml/jackson/databind/ser/std/StdJdkSerializers
instanceKlass com/bmuschko/gradle/docker/shaded/com/fasterxml/jackson/databind/ser/std/NumberSerializers
instanceKlass com/bmuschko/gradle/docker/shaded/com/fasterxml/jackson/databind/deser/DeserializerCache
instanceKlass com/bmuschko/gradle/docker/shaded/com/fasterxml/jackson/databind/KeyDeserializer
instanceKlass com/bmuschko/gradle/docker/shaded/com/fasterxml/jackson/databind/deser/std/StdKeyDeserializers
instanceKlass com/bmuschko/gradle/docker/shaded/com/fasterxml/jackson/databind/deser/KeyDeserializers
instanceKlass com/bmuschko/gradle/docker/shaded/com/fasterxml/jackson/databind/deser/ValueInstantiators
instanceKlass com/bmuschko/gradle/docker/shaded/com/fasterxml/jackson/databind/AbstractTypeResolver
instanceKlass com/bmuschko/gradle/docker/shaded/com/fasterxml/jackson/databind/deser/BeanDeserializerModifier
instanceKlass com/bmuschko/gradle/docker/shaded/com/fasterxml/jackson/databind/cfg/DeserializerFactoryConfig
instanceKlass com/bmuschko/gradle/docker/shaded/com/fasterxml/jackson/databind/PropertyName
instanceKlass com/bmuschko/gradle/docker/shaded/com/fasterxml/jackson/databind/deser/Deserializers
instanceKlass com/bmuschko/gradle/docker/shaded/com/fasterxml/jackson/annotation/ObjectIdGenerator
instanceKlass com/bmuschko/gradle/docker/shaded/com/fasterxml/jackson/databind/deser/ResolvableDeserializer
instanceKlass com/bmuschko/gradle/docker/shaded/com/fasterxml/jackson/databind/deser/ValueInstantiator$Gettable
instanceKlass com/bmuschko/gradle/docker/shaded/com/fasterxml/jackson/databind/deser/ContextualDeserializer
instanceKlass com/bmuschko/gradle/docker/shaded/com/fasterxml/jackson/databind/JsonDeserializer
instanceKlass com/bmuschko/gradle/docker/shaded/com/fasterxml/jackson/databind/deser/NullValueProvider
instanceKlass com/bmuschko/gradle/docker/shaded/com/fasterxml/jackson/databind/ser/SerializerCache
instanceKlass com/bmuschko/gradle/docker/shaded/com/fasterxml/jackson/databind/ser/ResolvableSerializer
instanceKlass com/bmuschko/gradle/docker/shaded/com/fasterxml/jackson/databind/ser/ContextualSerializer
instanceKlass com/bmuschko/gradle/docker/shaded/com/fasterxml/jackson/databind/jsonschema/SchemaAware
instanceKlass com/bmuschko/gradle/docker/shaded/com/fasterxml/jackson/databind/JsonSerializer
instanceKlass com/bmuschko/gradle/docker/shaded/com/fasterxml/jackson/databind/jsonFormatVisitors/JsonFormatVisitable
instanceKlass com/bmuschko/gradle/docker/shaded/com/fasterxml/jackson/databind/node/JsonNodeFactory
instanceKlass com/bmuschko/gradle/docker/shaded/com/fasterxml/jackson/databind/node/JsonNodeCreator
instanceKlass com/bmuschko/gradle/docker/shaded/com/fasterxml/jackson/databind/cfg/ContextAttributes
instanceKlass com/bmuschko/gradle/docker/shaded/com/fasterxml/jackson/core/util/Separators
instanceKlass com/bmuschko/gradle/docker/shaded/com/fasterxml/jackson/core/util/DefaultPrettyPrinter$NopIndenter
instanceKlass com/bmuschko/gradle/docker/shaded/com/fasterxml/jackson/databind/cfg/ConfigFeature
instanceKlass com/bmuschko/gradle/docker/shaded/com/fasterxml/jackson/databind/cfg/ConfigOverride
instanceKlass com/bmuschko/gradle/docker/shaded/com/fasterxml/jackson/annotation/JsonFormat$Features
instanceKlass com/bmuschko/gradle/docker/shaded/com/fasterxml/jackson/annotation/JsonFormat$Value
instanceKlass com/bmuschko/gradle/docker/shaded/com/fasterxml/jackson/databind/introspect/VisibilityChecker$Std
instanceKlass com/bmuschko/gradle/docker/shaded/com/fasterxml/jackson/annotation/JsonSetter$Value
instanceKlass com/bmuschko/gradle/docker/shaded/com/fasterxml/jackson/annotation/JsonInclude$Value
instanceKlass com/bmuschko/gradle/docker/shaded/com/fasterxml/jackson/annotation/JacksonAnnotationValue
instanceKlass com/bmuschko/gradle/docker/shaded/com/fasterxml/jackson/databind/cfg/ConfigOverrides
instanceKlass com/bmuschko/gradle/docker/shaded/com/fasterxml/jackson/databind/introspect/AnnotatedClass$Creators
instanceKlass com/bmuschko/gradle/docker/shaded/com/fasterxml/jackson/databind/introspect/AnnotationCollector$NoAnnotations
instanceKlass com/bmuschko/gradle/docker/shaded/com/fasterxml/jackson/databind/util/Annotations
instanceKlass com/bmuschko/gradle/docker/shaded/com/fasterxml/jackson/databind/introspect/AnnotationCollector
