#
# There is insufficient memory for the Java Runtime Environment to continue.
# Native memory allocation (mmap) failed to map 65536 bytes. Error detail: Failed to commit metaspace.
# Possible reasons:
#   The system is out of physical RAM or swap space
#   This process is running with CompressedOops enabled, and the Java Heap may be blocking the growth of the native heap
# Possible solutions:
#   Reduce memory load on the system
#   Increase physical memory or swap space
#   Check if swap backing store is full
#   Decrease Java heap size (-Xmx/-Xms)
#   Decrease number of Java threads
#   Decrease Java thread stack sizes (-Xss)
#   Set larger code cache with -XX:ReservedCodeCacheSize=
#   JVM is running with Unscaled Compressed Oops mode in which the Java heap is
#     placed in the first 4GB address space. The Java Heap base address is the
#     maximum limit for the native heap growth. Please use -XX:HeapBaseMinAddress
#     to set the Java Heap base and to place the Java Heap above 4GB virtual address.
# This output file may be truncated or incomplete.
#
#  Out of Memory Error (virtualSpaceNode.cpp:113), pid=38820, tid=47420
#
# JRE version: OpenJDK Runtime Environment Temurin-21.0.6+7 (21.0.6+7) (build 21.0.6+7-LTS)
# Java VM: OpenJDK 64-Bit Server VM Temurin-21.0.6+7 (21.0.6+7-LTS, mixed mode, sharing, tiered, compressed oops, compressed class ptrs, parallel gc, windows-amd64)
# No core dump will be written. Minidumps are not enabled by default on client versions of Windows
#

---------------  S U M M A R Y ------------

Command Line: --add-modules=ALL-SYSTEM --add-opens=java.base/java.util=ALL-UNNAMED --add-opens=java.base/java.lang=ALL-UNNAMED --add-opens=java.base/sun.nio.fs=ALL-UNNAMED -Declipse.application=org.eclipse.jdt.ls.core.id1 -Dosgi.bundles.defaultStartLevel=4 -Declipse.product=org.eclipse.jdt.ls.core.product -Djava.import.generatesMetadataFilesAtProjectRoot=false -DDetectVMInstallationsJob.disabled=true -Dfile.encoding=utf8 -XX:+UseParallelGC -XX:GCTimeRatio=4 -XX:AdaptiveSizePolicyWeight=90 -Dsun.zip.disableMemoryMapping=true -Xmx1G -Xms100m -Xlog:disable -javaagent:c:\Users\V\.vscode\extensions\redhat.java-1.41.1-win32-x64\lombok\lombok-1.18.36.jar c:\Users\V\.vscode\extensions\redhat.java-1.41.1-win32-x64\server\plugins\org.eclipse.equinox.launcher_1.7.0.v20250331-1702.jar -configuration c:\Users\V\AppData\Roaming\Code\User\globalStorage\redhat.java\1.41.1\config_ss_win -data c:\Users\V\AppData\Roaming\Code\User\workspaceStorage\c2233653e309f10041d3f22b22ba6f6d\redhat.java\ss_ws --pipe=\\.\pipe\lsp-38b1adfe127484c163e630bd7ed6357b-sock

Host: AMD Ryzen 5 3500X 6-Core Processor             , 6 cores, 15G,  Windows 10 , 64 bit Build 19041 (10.0.19041.5678)
Time: Sun Apr 27 12:22:26 2025 Hora estándar central (México) elapsed time: 0.262539 seconds (0d 0h 0m 0s)

---------------  T H R E A D  ---------------

Current thread (0x00000245c5a93bf0):  JavaThread "main"             [_thread_in_vm, id=47420, stack(0x000000ac3f300000,0x000000ac3f400000) (1024K)]

Stack: [0x000000ac3f300000,0x000000ac3f400000]
Native frames: (J=compiled Java code, j=interpreted, Vv=VM code, C=native code)
V  [jvm.dll+0x6cdee9]
V  [jvm.dll+0x8a83d1]
V  [jvm.dll+0x8aa8fe]
V  [jvm.dll+0x8aafe3]
V  [jvm.dll+0x27f706]
V  [jvm.dll+0x8a411e]
V  [jvm.dll+0x670385]
V  [jvm.dll+0x6703ea]
V  [jvm.dll+0x672bd2]
V  [jvm.dll+0x672aa2]
V  [jvm.dll+0x670d5e]
V  [jvm.dll+0x67b007]
V  [jvm.dll+0x21561d]
V  [jvm.dll+0x215b9a]
V  [jvm.dll+0x2165c5]
V  [jvm.dll+0x20bb8e]
V  [jvm.dll+0x5ae3ec]
V  [jvm.dll+0x821736]
V  [jvm.dll+0x471db1]
V  [jvm.dll+0x4852c6]
C  [java.dll+0x1657]

Java frames: (J=compiled Java code, j=interpreted, Vv=VM code)
j  java.lang.ClassLoader.defineClass0(Ljava/lang/ClassLoader;Ljava/lang/Class;Ljava/lang/String;[BIILjava/security/ProtectionDomain;ZILjava/lang/Object;)Ljava/lang/Class;+0 java.base@21.0.6
j  java.lang.System$2.defineClass(Ljava/lang/ClassLoader;Ljava/lang/Class;Ljava/lang/String;[BLjava/security/ProtectionDomain;ZILjava/lang/Object;)Ljava/lang/Class;+17 java.base@21.0.6
j  java.lang.invoke.MethodHandles$Lookup$ClassDefiner.defineClass(ZLjava/lang/Object;)Ljava/lang/Class;+57 java.base@21.0.6
j  java.lang.invoke.MethodHandles$Lookup$ClassDefiner.defineClass(Z)Ljava/lang/Class;+3 java.base@21.0.6
j  java.lang.invoke.ClassSpecializer$Factory.generateConcreteSpeciesCode(Ljava/lang/String;Ljava/lang/invoke/ClassSpecializer$SpeciesData;)Ljava/lang/Class;+37 java.base@21.0.6
j  java.lang.invoke.ClassSpecializer$Factory.loadSpecies(Ljava/lang/invoke/ClassSpecializer$SpeciesData;)Ljava/lang/invoke/ClassSpecializer$SpeciesData;+102 java.base@21.0.6
j  java.lang.invoke.ClassSpecializer.findSpecies(Ljava/lang/Object;)Ljava/lang/invoke/ClassSpecializer$SpeciesData;+53 java.base@21.0.6
j  java.lang.invoke.BoundMethodHandle$SpeciesData.extendWith(Ljava/lang/invoke/LambdaForm$BasicType;)Ljava/lang/invoke/BoundMethodHandle$SpeciesData;+48 java.base@21.0.6
j  java.lang.invoke.LambdaFormEditor.newSpeciesData(Ljava/lang/invoke/LambdaForm$BasicType;)Ljava/lang/invoke/BoundMethodHandle$SpeciesData;+5 java.base@21.0.6
j  java.lang.invoke.LambdaFormEditor.bindArgumentForm(I)Ljava/lang/invoke/LambdaForm;+78 java.base@21.0.6
j  java.lang.invoke.LambdaFormEditor.bindArgumentI(Ljava/lang/invoke/BoundMethodHandle;II)Ljava/lang/invoke/BoundMethodHandle;+44 java.base@21.0.6
j  java.lang.invoke.BoundMethodHandle.bindArgumentI(II)Ljava/lang/invoke/BoundMethodHandle;+7 java.base@21.0.6
j  java.lang.invoke.MethodHandles.insertArgumentPrimitive(Ljava/lang/invoke/BoundMethodHandle;ILjava/lang/Class;Ljava/lang/Object;)Ljava/lang/invoke/BoundMethodHandle;+118 java.base@21.0.6
j  java.lang.invoke.MethodHandles.insertArguments(Ljava/lang/invoke/MethodHandle;I[Ljava/lang/Object;)Ljava/lang/invoke/MethodHandle;+62 java.base@21.0.6
j  sun.invoke.util.ValueConversions.unbox(Lsun/invoke/util/Wrapper;I)Ljava/lang/invoke/MethodHandle;+165 java.base@21.0.6
j  sun.invoke.util.ValueConversions.unboxWiden(Lsun/invoke/util/Wrapper;)Ljava/lang/invoke/MethodHandle;+2 java.base@21.0.6
j  java.lang.invoke.MethodHandleImpl.valueConversion(Ljava/lang/Class;Ljava/lang/Class;ZZ)Ljava/lang/Object;+233 java.base@21.0.6
j  java.lang.invoke.MethodHandleImpl.computeValueConversions(Ljava/lang/invoke/MethodType;Ljava/lang/invoke/MethodType;ZZ)[Ljava/lang/Object;+108 java.base@21.0.6
j  java.lang.invoke.MethodHandleImpl.makePairwiseConvertByEditor(Ljava/lang/invoke/MethodHandle;Ljava/lang/invoke/MethodType;ZZ)Ljava/lang/invoke/MethodHandle;+10 java.base@21.0.6
j  java.lang.invoke.MethodHandleImpl.makePairwiseConvert(Ljava/lang/invoke/MethodHandle;Ljava/lang/invoke/MethodType;ZZ)Ljava/lang/invoke/MethodHandle;+18 java.base@21.0.6
j  java.lang.invoke.MethodHandleImpl.makePairwiseConvert(Ljava/lang/invoke/MethodHandle;Ljava/lang/invoke/MethodType;Z)Ljava/lang/invoke/MethodHandle;+4 java.base@21.0.6
j  java.lang.invoke.MethodHandle.asTypeUncached(Ljava/lang/invoke/MethodType;)Ljava/lang/invoke/MethodHandle;+50 java.base@21.0.6
j  java.lang.invoke.MethodHandle.asType(Ljava/lang/invoke/MethodType;)Ljava/lang/invoke/MethodHandle;+25 java.base@21.0.6
j  java.lang.invoke.MethodHandle.asSpreader(ILjava/lang/Class;I)Ljava/lang/invoke/MethodHandle;+12 java.base@21.0.6
j  jdk.internal.reflect.MethodHandleAccessorFactory.makeSpecializedTarget(Ljava/lang/invoke/MethodHandle;ZZ)Ljava/lang/invoke/MethodHandle;+67 java.base@21.0.6
j  jdk.internal.reflect.MethodHandleAccessorFactory.getDirectMethod(Ljava/lang/reflect/Method;Z)Ljava/lang/invoke/MethodHandle;+79 java.base@21.0.6
j  jdk.internal.reflect.MethodHandleAccessorFactory.newMethodAccessor(Ljava/lang/reflect/Method;Z)Ljdk/internal/reflect/MethodAccessorImpl;+41 java.base@21.0.6
j  jdk.internal.reflect.ReflectionFactory.newMethodAccessor(Ljava/lang/reflect/Method;Z)Ljdk/internal/reflect/MethodAccessor;+28 java.base@21.0.6
j  java.lang.reflect.Method.acquireMethodAccessor()Ljdk/internal/reflect/MethodAccessor;+38 java.base@21.0.6
j  java.lang.reflect.Method.invoke(Ljava/lang/Object;[Ljava/lang/Object;)Ljava/lang/Object;+75 java.base@21.0.6
j  lombok.launch.Agent.runLauncher(Ljava/lang/String;Ljava/lang/instrument/Instrumentation;Z)V+73
j  lombok.launch.Agent.premain(Ljava/lang/String;Ljava/lang/instrument/Instrumentation;)V+3
j  java.lang.invoke.LambdaForm$DMH+0x0000024581000c00.invokeStatic(Ljava/lang/Object;Ljava/lang/Object;Ljava/lang/Object;)V+11 java.base@21.0.6
j  java.lang.invoke.LambdaForm$MH+0x0000024581002800.invoke(Ljava/lang/Object;Ljava/lang/Object;Ljava/lang/Object;Ljava/lang/Object;)Ljava/lang/Object;+54 java.base@21.0.6
j  java.lang.invoke.LambdaForm$MH+0x0000024581002c00.invokeExact_MT(Ljava/lang/Object;Ljava/lang/Object;Ljava/lang/Object;Ljava/lang/Object;Ljava/lang/Object;)Ljava/lang/Object;+22 java.base@21.0.6
j  jdk.internal.reflect.DirectMethodHandleAccessor.invokeImpl(Ljava/lang/Object;[Ljava/lang/Object;)Ljava/lang/Object;+72 java.base@21.0.6
j  jdk.internal.reflect.DirectMethodHandleAccessor.invoke(Ljava/lang/Object;[Ljava/lang/Object;)Ljava/lang/Object;+23 java.base@21.0.6
j  java.lang.reflect.Method.invoke(Ljava/lang/Object;[Ljava/lang/Object;)Ljava/lang/Object;+102 java.base@21.0.6
j  sun.instrument.InstrumentationImpl.loadClassAndStartAgent(Ljava/lang/String;Ljava/lang/String;Ljava/lang/String;)V+165 java.instrument@21.0.6
j  sun.instrument.InstrumentationImpl.loadClassAndCallPremain(Ljava/lang/String;Ljava/lang/String;)V+6 java.instrument@21.0.6
v  ~StubRoutines::call_stub 0x00000245d01c100d

---------------  P R O C E S S  ---------------

Threads class SMR info:
_java_thread_list=0x00000245db26ad20, length=10, elements={
0x00000245c5a93bf0, 0x00000245d9dfd340, 0x00000245d9e01bc0, 0x00000245d9e03420,
0x00000245d9e04690, 0x00000245d9e0a1d0, 0x00000245d9e0ce50, 0x00000245d9e1e1f0,
0x00000245d9e228b0, 0x00000245d9e0d4e0
}

Java Threads: ( => current thread )
=>0x00000245c5a93bf0 JavaThread "main"                              [_thread_in_vm, id=47420, stack(0x000000ac3f300000,0x000000ac3f400000) (1024K)]
  0x00000245d9dfd340 JavaThread "Reference Handler"          daemon [_thread_blocked, id=28684, stack(0x000000ac3f700000,0x000000ac3f800000) (1024K)]
  0x00000245d9e01bc0 JavaThread "Finalizer"                  daemon [_thread_blocked, id=60056, stack(0x000000ac3f800000,0x000000ac3f900000) (1024K)]
  0x00000245d9e03420 JavaThread "Signal Dispatcher"          daemon [_thread_blocked, id=56776, stack(0x000000ac3f900000,0x000000ac3fa00000) (1024K)]
  0x00000245d9e04690 JavaThread "Attach Listener"            daemon [_thread_blocked, id=55908, stack(0x000000ac3fa00000,0x000000ac3fb00000) (1024K)]
  0x00000245d9e0a1d0 JavaThread "Service Thread"             daemon [_thread_blocked, id=52280, stack(0x000000ac3fb00000,0x000000ac3fc00000) (1024K)]
  0x00000245d9e0ce50 JavaThread "Monitor Deflation Thread"   daemon [_thread_blocked, id=46224, stack(0x000000ac3fc00000,0x000000ac3fd00000) (1024K)]
  0x00000245d9e1e1f0 JavaThread "C2 CompilerThread0"         daemon [_thread_blocked, id=50752, stack(0x000000ac3fd00000,0x000000ac3fe00000) (1024K)]
  0x00000245d9e228b0 JavaThread "C1 CompilerThread0"         daemon [_thread_in_vm, id=56564, stack(0x000000ac3fe00000,0x000000ac3ff00000) (1024K)]
  0x00000245d9e0d4e0 JavaThread "Common-Cleaner"             daemon [_thread_blocked, id=28772, stack(0x000000ac3ff00000,0x000000ac40000000) (1024K)]
Total: 10

Other Threads:
  0x00000245c5b51890 VMThread "VM Thread"                           [id=46100, stack(0x000000ac3f600000,0x000000ac3f700000) (1024K)]
  0x00000245c5afca40 WatcherThread "VM Periodic Task Thread"        [id=32956, stack(0x000000ac3f500000,0x000000ac3f600000) (1024K)]
  0x00000245c5ab1070 WorkerThread "GC Thread#0"                     [id=59024, stack(0x000000ac3f400000,0x000000ac3f500000) (1024K)]
Total: 3

Threads with active compile tasks:
C1 CompilerThread0  276  357       3       jdk.internal.org.objectweb.asm.Frame::execute (2305 bytes)
Total: 1

VM state: not at safepoint (normal execution)

VM Mutex/Monitor currently owned by a thread:  ([mutex/lock_event])
[0x00007ff8ff63c300] Metaspace_lock - owner thread: 0x00000245c5a93bf0

Heap address: 0x00000000c0000000, size: 1024 MB, Compressed Oops mode: 32-bit

CDS archive(s) mapped at: [0x0000024580000000-0x0000024580ba0000-0x0000024580ba0000), size 12189696, SharedBaseAddress: 0x0000024580000000, ArchiveRelocationMode: 1.
Compressed class space mapped at: 0x0000024581000000-0x00000245c1000000, reserved size: 1073741824
Narrow klass base: 0x0000024580000000, Narrow klass shift: 0, Narrow klass range: 0x100000000

GC Precious Log:
 CardTable entry size: 512
 CPUs: 6 total, 6 available
 Memory: 16328M
 Large Page Support: Disabled
 NUMA Support: Disabled
 Compressed Oops: Enabled (32-bit)
 Alignments: Space 512K, Generation 512K, Heap 2M
 Heap Min Capacity: 100M
 Heap Initial Capacity: 100M
 Heap Max Capacity: 1G
 Pre-touch: Disabled
 Parallel Workers: 6

Heap:
 PSYoungGen      total 29696K, used 4675K [0x00000000eab00000, 0x00000000ecc00000, 0x0000000100000000)
  eden space 25600K, 18% used [0x00000000eab00000,0x00000000eaf90f10,0x00000000ec400000)
  from space 4096K, 0% used [0x00000000ec800000,0x00000000ec800000,0x00000000ecc00000)
  to   space 4096K, 0% used [0x00000000ec400000,0x00000000ec400000,0x00000000ec800000)
 ParOldGen       total 68608K, used 0K [0x00000000c0000000, 0x00000000c4300000, 0x00000000eab00000)
  object space 68608K, 0% used [0x00000000c0000000,0x00000000c0000000,0x00000000c4300000)
 Metaspace       used 693K, committed 832K, reserved 1114112K
  class space    used 51K, committed 128K, reserved 1048576K

Card table byte_map: [0x00000245c5450000,0x00000245c5660000] _byte_map_base: 0x00000245c4e50000

Marking Bits: (ParMarkBitMap*) 0x00007ff8ff643260
 Begin Bits: [0x00000245d7c90000, 0x00000245d8c90000)
 End Bits:   [0x00000245d8c90000, 0x00000245d9c90000)

Polling page: 0x00000245c3a90000

Metaspace:

Usage:
  Non-class:    641.82 KB used.
      Class:     51.19 KB used.
       Both:    693.01 KB used.

Virtual space:
  Non-class space:       64.00 MB reserved,     704.00 KB (  1%) committed,  1 nodes.
      Class space:        1.00 GB reserved,     128.00 KB ( <1%) committed,  1 nodes.
             Both:        1.06 GB reserved,     832.00 KB ( <1%) committed. 

Chunk freelists:
   Non-Class:  11.91 MB
       Class:  15.73 MB
        Both:  27.64 MB

MaxMetaspaceSize: unlimited
CompressedClassSpaceSize: 1.00 GB
Initial GC threshold: 21.00 MB
Current GC threshold: 21.00 MB
CDS: on
 - commit_granule_bytes: 65536.
 - commit_granule_words: 8192.
 - virtual_space_node_default_size: 8388608.
 - enlarge_chunks_in_place: 1.
 - use_allocation_guard: 0.


Internal statistics:

num_allocs_failed_limit: 0.
num_arena_births: 28.
num_arena_deaths: 0.
num_vsnodes_births: 2.
num_vsnodes_deaths: 0.
num_space_committed: 13.
num_space_uncommitted: 0.
num_chunks_returned_to_freelist: 0.
num_chunks_taken_from_freelist: 34.
num_chunk_merges: 0.
num_chunk_splits: 23.
num_chunks_enlarged: 14.
num_inconsistent_stats: 0.

CodeHeap 'non-profiled nmethods': size=120000Kb used=108Kb max_used=108Kb free=119891Kb
 bounds [0x00000245d0760000, 0x00000245d09d0000, 0x00000245d7c90000]
CodeHeap 'profiled nmethods': size=120000Kb used=442Kb max_used=442Kb free=119557Kb
 bounds [0x00000245c8c90000, 0x00000245c8f00000, 0x00000245d01c0000]
CodeHeap 'non-nmethods': size=5760Kb used=1146Kb max_used=1160Kb free=4613Kb
 bounds [0x00000245d01c0000, 0x00000245d0430000, 0x00000245d0760000]
 total_blobs=749 nmethods=355 adapters=301
 compilation: enabled
              stopped_count=0, restarted_count=0
 full_count=0

Compilation events (20 events):
Event: 0.117 Thread 0x00000245d9e228b0 nmethod 343 0x00000245c8cf9310 code [0x00000245c8cf94e0, 0x00000245c8cf97b8]
Event: 0.117 Thread 0x00000245d9e1e1f0  339   !   4       jdk.internal.misc.ScopedMemoryAccess::getByteInternal (34 bytes)
Event: 0.118 Thread 0x00000245d9e1e1f0 nmethod 339 0x00000245d0779c90 code [0x00000245d0779e20, 0x00000245d0779ef0]
Event: 0.118 Thread 0x00000245d9e1e1f0  344       4       java.util.concurrent.ConcurrentHashMap::tabAt (22 bytes)
Event: 0.118 Thread 0x00000245d9e228b0  345       3       jdk.internal.jimage.ImageStringsReader::stringFromByteBufferMatches (138 bytes)
Event: 0.118 Thread 0x00000245d9e1e1f0 nmethod 344 0x00000245d077a310 code [0x00000245d077a480, 0x00000245d077a4f0]
Event: 0.118 Thread 0x00000245d9e228b0 nmethod 345 0x00000245c8cf9910 code [0x00000245c8cf9c00, 0x00000245c8cfacd8]
Event: 0.118 Thread 0x00000245d9e228b0  349       3       java.lang.invoke.MethodType::checkPtypes (76 bytes)
Event: 0.119 Thread 0x00000245d9e228b0 nmethod 349 0x00000245c8cfb410 code [0x00000245c8cfb6a0, 0x00000245c8cfc130]
Event: 0.119 Thread 0x00000245d9e228b0  347       3       sun.invoke.util.VerifyAccess::isTypeVisible (118 bytes)
Event: 0.119 Thread 0x00000245d9e228b0 nmethod 347 0x00000245c8cfc590 code [0x00000245c8cfc8a0, 0x00000245c8cfd7f8]
Event: 0.119 Thread 0x00000245d9e228b0  354       3       java.lang.StringBuilder::toString (9 bytes)
Event: 0.119 Thread 0x00000245d9e228b0 nmethod 354 0x00000245c8cfdd10 code [0x00000245c8cfdec0, 0x00000245c8cfe0d0]
Event: 0.119 Thread 0x00000245d9e228b0  355       3       java.lang.String::<init> (7 bytes)
Event: 0.120 Thread 0x00000245d9e228b0 nmethod 355 0x00000245c8cfe210 code [0x00000245c8cfe3c0, 0x00000245c8cfe508]
Event: 0.120 Thread 0x00000245d9e228b0  350       1       sun.invoke.util.Wrapper::basicTypeChar (5 bytes)
Event: 0.120 Thread 0x00000245d9e228b0 nmethod 350 0x00000245d077af10 code [0x00000245d077b0a0, 0x00000245d077b170]
Event: 0.120 Thread 0x00000245d9e228b0  356       3       java.lang.AbstractStringBuilder::<init> (39 bytes)
Event: 0.120 Thread 0x00000245d9e228b0 nmethod 356 0x00000245c8cfe590 code [0x00000245c8cfe740, 0x00000245c8cfe988]
Event: 0.120 Thread 0x00000245d9e228b0  357       3       jdk.internal.org.objectweb.asm.Frame::execute (2305 bytes)

GC Heap History (0 events):
No events

Dll operation events (7 events):
Event: 0.006 Loaded shared library c:\Users\V\.vscode\extensions\redhat.java-1.41.1-win32-x64\jre\21.0.6-win32-x86_64\bin\java.dll
Event: 0.054 Loaded shared library c:\Users\V\.vscode\extensions\redhat.java-1.41.1-win32-x64\jre\21.0.6-win32-x86_64\bin\zip.dll
Event: 0.069 Loaded shared library C:\Users\V\.vscode\extensions\redhat.java-1.41.1-win32-x64\jre\21.0.6-win32-x86_64\bin\instrument.dll
Event: 0.073 Loaded shared library C:\Users\V\.vscode\extensions\redhat.java-1.41.1-win32-x64\jre\21.0.6-win32-x86_64\bin\net.dll
Event: 0.075 Loaded shared library C:\Users\V\.vscode\extensions\redhat.java-1.41.1-win32-x64\jre\21.0.6-win32-x86_64\bin\nio.dll
Event: 0.077 Loaded shared library C:\Users\V\.vscode\extensions\redhat.java-1.41.1-win32-x64\jre\21.0.6-win32-x86_64\bin\zip.dll
Event: 0.095 Loaded shared library C:\Users\V\.vscode\extensions\redhat.java-1.41.1-win32-x64\jre\21.0.6-win32-x86_64\bin\jimage.dll

Deoptimization events (10 events):
Event: 0.100 Thread 0x00000245c5a93bf0 DEOPT PACKING pc=0x00000245c8cc7f49 sp=0x000000ac3f3fe660
Event: 0.100 Thread 0x00000245c5a93bf0 DEOPT UNPACKING pc=0x00000245d0214242 sp=0x000000ac3f3fdae8 mode 0
Event: 0.100 Thread 0x00000245c5a93bf0 DEOPT PACKING pc=0x00000245c8cc7f49 sp=0x000000ac3f3fe660
Event: 0.100 Thread 0x00000245c5a93bf0 DEOPT UNPACKING pc=0x00000245d0214242 sp=0x000000ac3f3fdae8 mode 0
Event: 0.101 Thread 0x00000245c5a93bf0 DEOPT PACKING pc=0x00000245c8cc7f49 sp=0x000000ac3f3fe660
Event: 0.101 Thread 0x00000245c5a93bf0 DEOPT UNPACKING pc=0x00000245d0214242 sp=0x000000ac3f3fdae8 mode 0
Event: 0.101 Thread 0x00000245c5a93bf0 DEOPT PACKING pc=0x00000245c8cc7f49 sp=0x000000ac3f3fe660
Event: 0.101 Thread 0x00000245c5a93bf0 DEOPT UNPACKING pc=0x00000245d0214242 sp=0x000000ac3f3fdae8 mode 0
Event: 0.101 Thread 0x00000245c5a93bf0 DEOPT PACKING pc=0x00000245c8cc7f49 sp=0x000000ac3f3fe660
Event: 0.101 Thread 0x00000245c5a93bf0 DEOPT UNPACKING pc=0x00000245d0214242 sp=0x000000ac3f3fdae8 mode 0

Classes loaded (20 events):
Event: 0.104 Loading class sun/net/www/MessageHeader
Event: 0.104 Loading class sun/net/www/MessageHeader done
Event: 0.104 Loading class sun/net/www/protocol/jar/URLJarFile
Event: 0.104 Loading class sun/net/www/protocol/jar/URLJarFile done
Event: 0.105 Loading class sun/net/www/protocol/jar/URLJarFile$URLJarFileEntry
Event: 0.105 Loading class sun/net/www/protocol/jar/URLJarFile$URLJarFileEntry done
Event: 0.105 Loading class sun/net/www/protocol/jar/JarURLConnection$JarURLInputStream
Event: 0.105 Loading class sun/net/www/protocol/jar/JarURLConnection$JarURLInputStream done
Event: 0.106 Loading class java/lang/AssertionError
Event: 0.106 Loading class java/lang/AssertionError done
Event: 0.108 Loading class sun/net/www/protocol/jrt/Handler
Event: 0.108 Loading class sun/net/www/protocol/jrt/Handler done
Event: 0.116 Loading class jdk/internal/foreign/MemorySessionImpl
Event: 0.117 Loading class java/lang/foreign/MemorySegment$Scope
Event: 0.117 Loading class java/lang/foreign/MemorySegment$Scope done
Event: 0.117 Loading class jdk/internal/foreign/MemorySessionImpl done
Event: 0.118 Loading class sun/invoke/util/ValueConversions$1
Event: 0.118 Loading class sun/invoke/util/ValueConversions$1 done
Event: 0.119 Loading class java/lang/invoke/BoundMethodHandle$Species_LI
Event: 0.119 Loading class java/lang/invoke/BoundMethodHandle$Species_LI done

Classes unloaded (0 events):
No events

Classes redefined (0 events):
No events

Internal exceptions (3 events):
Event: 0.051 Thread 0x00000245c5a93bf0 Exception <a 'java/lang/NoSuchMethodError'{0x00000000ead2a420}: 'void java.lang.invoke.DirectMethodHandle$Holder.invokeStatic(java.lang.Object, java.lang.Object, java.lang.Object)'> (0x00000000ead2a420) 
thrown [s\src\hotspot\share\interpreter\linkResolver.cpp, line 773]
Event: 0.090 Thread 0x00000245c5a93bf0 Exception <a 'java/lang/NoSuchMethodError'{0x00000000eae938d0}: 'java.lang.Object java.lang.invoke.Invokers$Holder.invokeExact_MT(java.lang.Object, java.lang.Object, java.lang.Object, java.lang.Object, java.lang.Object)'> (0x00000000eae938d0) 
thrown [s\src\hotspot\share\interpreter\linkResolver.cpp, line 773]
Event: 0.119 Thread 0x00000245c5a93bf0 Exception <a 'java/lang/NoSuchMethodError'{0x00000000eaf4c730}: 'int java.lang.invoke.DirectMethodHandle$Holder.invokeSpecial(java.lang.Object, java.lang.Object, java.lang.Object, int)'> (0x00000000eaf4c730) 
thrown [s\src\hotspot\share\interpreter\linkResolver.cpp, line 773]

ZGC Phase Switch (0 events):
No events

VM Operations (4 events):
Event: 0.053 Executing VM operation: HandshakeAllThreads (Deoptimize)
Event: 0.054 Executing VM operation: HandshakeAllThreads (Deoptimize) done
Event: 0.104 Executing VM operation: HandshakeAllThreads (Deoptimize)
Event: 0.104 Executing VM operation: HandshakeAllThreads (Deoptimize) done

Memory protections (0 events):
No events

Nmethod flushes (0 events):
No events

Events (10 events):
Event: 0.017 Thread 0x00000245c5a93bf0 Thread added: 0x00000245c5a93bf0
Event: 0.028 Thread 0x00000245c5a93bf0 Thread added: 0x00000245d9dfd340
Event: 0.028 Thread 0x00000245c5a93bf0 Thread added: 0x00000245d9e01bc0
Event: 0.028 Thread 0x00000245c5a93bf0 Thread added: 0x00000245d9e03420
Event: 0.028 Thread 0x00000245c5a93bf0 Thread added: 0x00000245d9e04690
Event: 0.028 Thread 0x00000245c5a93bf0 Thread added: 0x00000245d9e0a1d0
Event: 0.028 Thread 0x00000245c5a93bf0 Thread added: 0x00000245d9e0ce50
Event: 0.028 Thread 0x00000245c5a93bf0 Thread added: 0x00000245d9e1e1f0
Event: 0.028 Thread 0x00000245c5a93bf0 Thread added: 0x00000245d9e228b0
Event: 0.044 Thread 0x00000245c5a93bf0 Thread added: 0x00000245d9e0d4e0


Dynamic libraries:
0x00007ff72ede0000 - 0x00007ff72edee000 	c:\Users\V\.vscode\extensions\redhat.java-1.41.1-win32-x64\jre\21.0.6-win32-x86_64\bin\java.exe
0x00007ff9624f0000 - 0x00007ff9626e8000 	C:\Windows\SYSTEM32\ntdll.dll
0x00007ff9614a0000 - 0x00007ff961562000 	C:\Windows\System32\KERNEL32.DLL
0x00007ff9600b0000 - 0x00007ff9603a6000 	C:\Windows\System32\KERNELBASE.dll
0x00007ff95fed0000 - 0x00007ff95ffd0000 	C:\Windows\System32\ucrtbase.dll
0x00007ff92b2f0000 - 0x00007ff92b30e000 	c:\Users\V\.vscode\extensions\redhat.java-1.41.1-win32-x64\jre\21.0.6-win32-x86_64\bin\VCRUNTIME140.dll
0x00007ff933fd0000 - 0x00007ff933fe8000 	c:\Users\V\.vscode\extensions\redhat.java-1.41.1-win32-x64\jre\21.0.6-win32-x86_64\bin\jli.dll
0x00007ff960640000 - 0x00007ff9607dd000 	C:\Windows\System32\USER32.dll
0x00007ff960080000 - 0x00007ff9600a2000 	C:\Windows\System32\win32u.dll
0x00007ff9607e0000 - 0x00007ff96080b000 	C:\Windows\System32\GDI32.dll
0x00007ff95fb80000 - 0x00007ff95fc9a000 	C:\Windows\System32\gdi32full.dll
0x00007ff95fca0000 - 0x00007ff95fd3d000 	C:\Windows\System32\msvcp_win.dll
0x00007ff94b6b0000 - 0x00007ff94b94a000 	C:\Windows\WinSxS\amd64_microsoft.windows.common-controls_6595b64144ccf1df_6.0.19041.4355_none_60b8b9eb71f62e16\COMCTL32.dll
0x00007ff9619c0000 - 0x00007ff961a5e000 	C:\Windows\System32\msvcrt.dll
0x00007ff960d70000 - 0x00007ff960d9f000 	C:\Windows\System32\IMM32.DLL
0x00007ff937000000 - 0x00007ff93700c000 	c:\Users\V\.vscode\extensions\redhat.java-1.41.1-win32-x64\jre\21.0.6-win32-x86_64\bin\vcruntime140_1.dll
0x00007ff922c70000 - 0x00007ff922cfd000 	c:\Users\V\.vscode\extensions\redhat.java-1.41.1-win32-x64\jre\21.0.6-win32-x86_64\bin\msvcp140.dll
0x00007ff8fe990000 - 0x00007ff8ff720000 	c:\Users\V\.vscode\extensions\redhat.java-1.41.1-win32-x64\jre\21.0.6-win32-x86_64\bin\server\jvm.dll
0x00007ff961640000 - 0x00007ff9616ef000 	C:\Windows\System32\ADVAPI32.dll
0x00007ff960da0000 - 0x00007ff960e3f000 	C:\Windows\System32\sechost.dll
0x00007ff960510000 - 0x00007ff960633000 	C:\Windows\System32\RPCRT4.dll
0x00007ff95fea0000 - 0x00007ff95fec7000 	C:\Windows\System32\bcrypt.dll
0x00007ff9615d0000 - 0x00007ff96163b000 	C:\Windows\System32\WS2_32.dll
0x00007ff95f080000 - 0x00007ff95f0cb000 	C:\Windows\SYSTEM32\POWRPROF.dll
0x00007ff9549c0000 - 0x00007ff9549e7000 	C:\Windows\SYSTEM32\WINMM.dll
0x00007ff95cd30000 - 0x00007ff95cd3a000 	C:\Windows\SYSTEM32\VERSION.dll
0x00007ff95ef40000 - 0x00007ff95ef52000 	C:\Windows\SYSTEM32\UMPDC.dll
0x00007ff95d9e0000 - 0x00007ff95d9f2000 	C:\Windows\SYSTEM32\kernel.appcore.dll
0x00007ff935570000 - 0x00007ff93557a000 	c:\Users\V\.vscode\extensions\redhat.java-1.41.1-win32-x64\jre\21.0.6-win32-x86_64\bin\jimage.dll
0x00007ff953de0000 - 0x00007ff953fc4000 	C:\Windows\SYSTEM32\DBGHELP.DLL
0x00007ff94e090000 - 0x00007ff94e0c4000 	C:\Windows\SYSTEM32\dbgcore.DLL
0x00007ff9603b0000 - 0x00007ff960432000 	C:\Windows\System32\bcryptPrimitives.dll
0x00007ff92ba60000 - 0x00007ff92ba6f000 	c:\Users\V\.vscode\extensions\redhat.java-1.41.1-win32-x64\jre\21.0.6-win32-x86_64\bin\instrument.dll
0x00007ff9287d0000 - 0x00007ff9287ef000 	c:\Users\V\.vscode\extensions\redhat.java-1.41.1-win32-x64\jre\21.0.6-win32-x86_64\bin\java.dll
0x00007ff961d40000 - 0x00007ff9624af000 	C:\Windows\System32\SHELL32.dll
0x00007ff95dbe0000 - 0x00007ff95e383000 	C:\Windows\SYSTEM32\windows.storage.dll
0x00007ff960f20000 - 0x00007ff961275000 	C:\Windows\System32\combase.dll
0x00007ff95f4d0000 - 0x00007ff95f4fb000 	C:\Windows\SYSTEM32\Wldp.dll
0x00007ff960820000 - 0x00007ff9608ed000 	C:\Windows\System32\OLEAUT32.dll
0x00007ff961330000 - 0x00007ff9613dd000 	C:\Windows\System32\SHCORE.dll
0x00007ff9613e0000 - 0x00007ff961435000 	C:\Windows\System32\shlwapi.dll
0x00007ff95fab0000 - 0x00007ff95fad5000 	C:\Windows\SYSTEM32\profapi.dll
0x00007ff9287b0000 - 0x00007ff9287c8000 	c:\Users\V\.vscode\extensions\redhat.java-1.41.1-win32-x64\jre\21.0.6-win32-x86_64\bin\zip.dll
0x00007ff933c10000 - 0x00007ff933c20000 	C:\Users\V\.vscode\extensions\redhat.java-1.41.1-win32-x64\jre\21.0.6-win32-x86_64\bin\net.dll
0x00007ff959140000 - 0x00007ff95924a000 	C:\Windows\SYSTEM32\WINHTTP.dll
0x00007ff95f2b0000 - 0x00007ff95f31c000 	C:\Windows\system32\mswsock.dll
0x00007ff928790000 - 0x00007ff9287a6000 	C:\Users\V\.vscode\extensions\redhat.java-1.41.1-win32-x64\jre\21.0.6-win32-x86_64\bin\nio.dll

dbghelp: loaded successfully - version: 4.0.5 - missing functions: none
symbol engine: initialized successfully - sym options: 0x614 - pdb path: .;c:\Users\V\.vscode\extensions\redhat.java-1.41.1-win32-x64\jre\21.0.6-win32-x86_64\bin;C:\Windows\SYSTEM32;C:\Windows\WinSxS\amd64_microsoft.windows.common-controls_6595b64144ccf1df_6.0.19041.4355_none_60b8b9eb71f62e16;c:\Users\V\.vscode\extensions\redhat.java-1.41.1-win32-x64\jre\21.0.6-win32-x86_64\bin\server

VM Arguments:
jvm_args: --add-modules=ALL-SYSTEM --add-opens=java.base/java.util=ALL-UNNAMED --add-opens=java.base/java.lang=ALL-UNNAMED --add-opens=java.base/sun.nio.fs=ALL-UNNAMED -Declipse.application=org.eclipse.jdt.ls.core.id1 -Dosgi.bundles.defaultStartLevel=4 -Declipse.product=org.eclipse.jdt.ls.core.product -Djava.import.generatesMetadataFilesAtProjectRoot=false -DDetectVMInstallationsJob.disabled=true -Dfile.encoding=utf8 -XX:+UseParallelGC -XX:GCTimeRatio=4 -XX:AdaptiveSizePolicyWeight=90 -Dsun.zip.disableMemoryMapping=true -Xmx1G -Xms100m -Xlog:disable -javaagent:c:\Users\V\.vscode\extensions\redhat.java-1.41.1-win32-x64\lombok\lombok-1.18.36.jar 
java_command: c:\Users\V\.vscode\extensions\redhat.java-1.41.1-win32-x64\server\plugins\org.eclipse.equinox.launcher_1.7.0.v20250331-1702.jar -configuration c:\Users\V\AppData\Roaming\Code\User\globalStorage\redhat.java\1.41.1\config_ss_win -data c:\Users\V\AppData\Roaming\Code\User\workspaceStorage\c2233653e309f10041d3f22b22ba6f6d\redhat.java\ss_ws --pipe=\\.\pipe\lsp-38b1adfe127484c163e630bd7ed6357b-sock
java_class_path (initial): c:\Users\V\.vscode\extensions\redhat.java-1.41.1-win32-x64\server\plugins\org.eclipse.equinox.launcher_1.7.0.v20250331-1702.jar
Launcher Type: SUN_STANDARD

[Global flags]
    uintx AdaptiveSizePolicyWeight                 = 90                                        {product} {command line}
     intx CICompilerCount                          = 3                                         {product} {ergonomic}
    uintx GCTimeRatio                              = 4                                         {product} {command line}
   size_t InitialHeapSize                          = 104857600                                 {product} {command line}
   size_t MaxHeapSize                              = 1073741824                                {product} {command line}
   size_t MaxNewSize                               = 357564416                                 {product} {ergonomic}
   size_t MinHeapDeltaBytes                        = 524288                                    {product} {ergonomic}
   size_t MinHeapSize                              = 104857600                                 {product} {command line}
   size_t NewSize                                  = 34603008                                  {product} {ergonomic}
    uintx NonNMethodCodeHeapSize                   = 5832780                                {pd product} {ergonomic}
    uintx NonProfiledCodeHeapSize                  = 122912730                              {pd product} {ergonomic}
   size_t OldSize                                  = 70254592                                  {product} {ergonomic}
    uintx ProfiledCodeHeapSize                     = 122912730                              {pd product} {ergonomic}
    uintx ReservedCodeCacheSize                    = 251658240                              {pd product} {ergonomic}
     bool SegmentedCodeCache                       = true                                      {product} {ergonomic}
   size_t SoftMaxHeapSize                          = 1073741824                             {manageable} {ergonomic}
     bool UseCompressedOops                        = true                           {product lp64_product} {ergonomic}
     bool UseLargePagesIndividualAllocation        = false                                  {pd product} {ergonomic}
     bool UseParallelGC                            = true                                      {product} {command line}

Logging:
Log output configuration:
 #0: stdout all=off uptime,level,tags foldmultilines=false
 #1: stderr all=off uptime,level,tags foldmultilines=false

Environment Variables:
JAVA_HOME=C:\Program Files\Java\jdk-17
PATH=C:\Program Files (x86)\Razer\ChromaBroadcast\bin;C:\Program Files\Razer\ChromaBroadcast\bin;C:\Program Files\Common Files\Oracle\Java\javapath;C:\Program Files (x86)\Common Files\Oracle\Java\java8path;C:\Program Files (x86)\Common Files\Oracle\Java\javapath;C:\Python312\Scripts\;C:\Python312\;C:\Windows\System32;D:\Program Files (x86)\Scripts\;D:\Program Files (x86)\;C:\Users\V\AppData\Local\Microsoft\WindowsApps;C:\Users\V\AppData\Local\Programs\MiKTeX\miktex\bin\x64\;D:\Microsoft VS Code\bin;C:\MinGW\bin;C:\Users\V\AppData\Local\GitHubDesktop\bin;C:\Program Files\Java\jdk-17\bin;C:\Program Files\Git\bin;C:\Program Files\NVIDIA Corporation\NVIDIA NvDLISR;C:\Program Files\dotnet\;C:\Windows;C:\Windows\System32\Wbem;C:\ProgramData\chocolatey\bin;C:\Users\V\AppData\Roaming\npm;C:\Program Files (x86)\NVIDIA Corporation\PhysX\Common;D:\Program Files (x86)\xxamp;C:\Users\V\AppData\Roaming\nvm;C:\Program Files\nodejs;D:\Program Files (x86)\xxamp\php;D:\xampp\php;C:\ProgramData\ComposerSetup\bin;D:\Program Files (x86)\Go\bin;D:\Program Files (x86)\apache-maven-3.9.9;D:\Program Files (x86)\apache-maven-3.9.9\bin;C:\Program Files\Docker\Docker\resources\bin;D:\Program Files (x86)\gradle\gradle-8.13\bin;C:\Program Files\MySQL\MySQL Shell 8.0\bin\;C:\Program Files\Java\jdk-11.0.13\bin;C:\Users\V\AppData\Local\gitkraken\bin;C:\Users\V\AppData\Roaming\Composer\vendor\bin;C:\Users\V\go\bin;C:\Program Files\MySQL\MySQL Shell 8.0\bin\;D:\Program Files (x86)\Scripts\;D:\Program Files (x86)\;C:\Users\V\AppData\Local\Microsoft\WindowsApps;C:\Users\V\AppData\Local\Programs\MiKTeX\miktex\bin\x64\;D:\Microsoft VS Code\bin;C:\MinGW\bin;C:\Users\V\AppData\Local\GitHubDesktop\bin;C:\Program Files\Java\jdk-11.0.13\bin;C:\Program Files\Git\bin;C:\Users\V\AppData\Local\gitkraken\bin;C:\Users\V\AppData\Roaming\npm;C:\Python312\Scripts\;C:\Python312\;C:\Users\V\AppData\Roaming\nvm;C:\Program Files\nodejs;C:\Users\V\AppData\Roaming\Composer\vendor\bin;C:\Users\V\go\bin;D:\Program Files (x86)\apache-maven-3.9.9;
USERNAME=Villajuana Saavedra
OS=Windows_NT
PROCESSOR_IDENTIFIER=AMD64 Family 23 Model 113 Stepping 0, AuthenticAMD
TMP=C:\Users\V\AppData\Local\Temp
TEMP=C:\Users\V\AppData\Local\Temp




Periodic native trim disabled

---------------  S Y S T E M  ---------------

OS:
 Windows 10 , 64 bit Build 19041 (10.0.19041.5678)
OS uptime: 2 days 17:37 hours
Hyper-V role detected

CPU: total 6 (initial active 6) (6 cores per cpu, 1 threads per core) family 23 model 113 stepping 0 microcode 0x0, cx8, cmov, fxsr, mmx, 3dnowpref, sse, sse2, sse3, ssse3, sse4a, sse4.1, sse4.2, popcnt, lzcnt, tsc, tscinvbit, avx, avx2, aes, clmul, bmi1, bmi2, adx, sha, fma, vzeroupper, clflush, clflushopt, hv, rdtscp, rdpid, f16c
Processor Information for the first 6 processors :
  Max Mhz: 3600, Current Mhz: 3600, Mhz Limit: 3600

Memory: 4k page, system-wide physical 16328M (1359M free)
TotalPageFile size 36808M (AvailPageFile size 424M)
current process WorkingSet (physical memory assigned to process): 38M, peak: 38M
current process commit charge ("private bytes"): 182M, peak: 182M

vm_info: OpenJDK 64-Bit Server VM (21.0.6+7-LTS) for windows-amd64 JRE (21.0.6+7-LTS), built on 2025-01-21T00:00:00Z by "admin" with MS VC++ 17.7 (VS2022)

END.
